SF:lib\main.dart
DA:18,0
DA:19,0
DA:23,0
DA:24,0
DA:27,0
DA:28,0
DA:29,0
DA:30,0
DA:33,0
DA:34,0
DA:35,0
DA:39,0
DA:46,0
DA:50,1
DA:52,2
DA:54,2
DA:55,2
DA:56,6
DA:57,6
DA:58,4
DA:59,2
DA:62,6
DA:63,2
DA:67,6
DA:68,6
DA:69,6
DA:70,2
DA:71,2
DA:72,1
DA:73,0
DA:74,1
DA:75,2
DA:78,2
DA:79,2
DA:80,2
DA:83,2
DA:91,2
DA:92,2
DA:93,2
DA:94,2
DA:95,2
DA:97,2
DA:98,2
DA:99,2
DA:100,2
LF:45
LH:31
end_of_record
SF:lib\providers\ai_provider_manager.dart
DA:30,5
DA:45,3
DA:59,3
DA:60,3
DA:61,3
DA:62,3
DA:63,3
DA:64,3
DA:65,1
DA:66,3
DA:67,3
DA:68,3
DA:69,3
DA:70,3
DA:71,3
DA:75,0
DA:76,0
DA:77,0
DA:78,0
DA:79,0
DA:81,0
DA:82,0
DA:83,0
DA:84,0
DA:85,0
DA:86,0
DA:87,0
DA:88,0
DA:92,1
DA:93,1
DA:94,3
DA:95,1
DA:96,1
DA:97,1
DA:98,1
DA:99,1
DA:100,1
DA:102,3
DA:103,1
DA:104,2
DA:105,1
DA:106,1
DA:107,1
DA:108,1
DA:109,2
DA:110,1
DA:111,0
DA:117,1
DA:119,3
DA:120,1
DA:125,3
DA:126,3
DA:131,3
DA:140,3
DA:141,3
DA:146,3
DA:159,3
DA:160,3
DA:165,3
DA:174,3
DA:175,3
DA:180,3
DA:189,2
DA:190,2
DA:191,2
DA:192,2
DA:193,2
DA:194,2
DA:199,1
DA:200,3
DA:201,3
DA:205,7
DA:208,0
DA:221,0
DA:223,0
DA:225,0
DA:227,0
DA:229,0
DA:234,0
DA:236,0
DA:238,0
DA:240,0
DA:242,0
DA:257,0
DA:281,0
DA:286,0
DA:287,0
DA:288,0
DA:302,0
DA:303,6
DA:304,6
DA:309,6
DA:310,0
DA:311,0
DA:312,0
DA:313,0
DA:318,1
DA:325,1
DA:326,1
DA:327,2
DA:328,2
DA:329,2
DA:330,2
DA:331,3
DA:333,0
DA:334,0
DA:336,1
DA:339,1
DA:342,3
DA:344,3
DA:345,3
DA:346,6
DA:347,3
DA:354,2
DA:356,6
DA:357,4
DA:358,0
DA:361,6
DA:362,4
DA:363,6
DA:364,0
DA:365,0
DA:369,0
DA:370,0
DA:371,0
DA:372,0
DA:376,0
DA:377,0
DA:378,0
DA:382,0
DA:384,0
DA:386,0
DA:387,0
DA:388,0
DA:389,0
DA:393,0
DA:394,0
DA:395,0
DA:396,0
DA:399,0
DA:400,0
DA:401,0
DA:402,0
DA:403,0
DA:407,0
DA:408,0
DA:409,0
DA:410,0
DA:411,0
DA:413,0
DA:414,0
DA:415,0
DA:417,0
DA:420,0
DA:421,0
DA:422,0
DA:423,0
DA:424,0
DA:425,0
DA:426,0
DA:428,0
DA:429,0
DA:430,0
DA:432,0
DA:436,0
DA:437,0
DA:438,0
DA:439,0
DA:441,0
DA:442,0
DA:443,0
DA:444,0
DA:448,0
DA:449,0
DA:450,0
DA:451,0
DA:452,0
DA:453,0
DA:454,0
DA:455,0
DA:463,0
DA:464,0
DA:468,0
DA:469,0
DA:470,0
DA:471,0
DA:472,0
DA:473,0
DA:474,0
DA:477,0
DA:482,0
DA:487,0
DA:488,0
DA:492,0
DA:493,0
DA:495,0
DA:496,0
DA:497,0
DA:498,0
DA:500,0
DA:503,0
DA:505,0
DA:507,0
DA:509,0
DA:511,0
DA:514,0
DA:515,0
DA:517,0
DA:519,0
DA:521,0
DA:523,0
DA:524,0
DA:534,3
DA:535,3
DA:537,3
DA:538,0
DA:539,0
DA:540,0
DA:542,6
DA:543,3
DA:544,3
DA:552,0
DA:554,0
DA:555,0
DA:557,0
DA:559,0
DA:560,0
DA:561,0
DA:562,0
DA:563,0
DA:564,0
DA:565,0
DA:566,0
DA:567,0
DA:568,0
DA:569,0
DA:570,0
DA:571,0
DA:572,0
DA:577,0
DA:578,0
DA:579,0
DA:580,0
DA:582,0
DA:585,0
DA:586,0
DA:587,0
DA:588,0
DA:589,0
DA:590,0
DA:591,0
DA:597,0
DA:598,0
DA:599,0
DA:600,0
DA:601,0
DA:603,0
DA:604,0
DA:605,0
DA:609,0
DA:610,0
DA:611,0
DA:612,0
DA:613,0
DA:614,0
DA:615,0
DA:617,0
DA:618,0
DA:619,0
DA:620,0
DA:627,0
DA:628,0
DA:629,0
DA:630,0
DA:633,0
DA:634,0
DA:635,0
DA:636,0
DA:637,0
DA:638,0
DA:639,0
DA:640,0
DA:641,0
DA:642,0
DA:650,0
DA:651,0
DA:652,0
DA:654,0
DA:655,0
DA:656,0
DA:658,0
DA:660,0
DA:664,0
DA:666,0
DA:673,0
DA:675,0
DA:677,0
DA:679,0
DA:681,0
DA:683,0
DA:685,0
DA:687,0
DA:689,0
DA:692,0
DA:693,0
DA:695,0
DA:699,1
DA:700,3
DA:701,3
DA:702,3
DA:703,3
DA:704,2
DA:707,2
DA:708,2
DA:709,2
DA:710,4
DA:711,2
DA:719,0
DA:720,0
DA:722,0
DA:724,0
DA:725,0
DA:727,0
DA:728,0
DA:737,0
DA:738,0
DA:740,0
DA:741,0
DA:742,0
DA:743,0
DA:744,0
DA:745,0
DA:746,0
DA:747,0
DA:748,0
DA:750,0
DA:753,0
DA:762,0
DA:764,0
DA:765,0
DA:766,0
DA:767,0
DA:771,0
DA:772,0
DA:773,0
DA:774,0
DA:775,0
DA:776,0
DA:778,0
DA:779,0
DA:781,0
DA:783,0
DA:785,0
DA:793,0
DA:794,0
DA:795,0
DA:803,0
DA:804,0
DA:805,0
DA:806,0
DA:807,0
DA:809,0
DA:811,0
DA:819,0
DA:820,0
DA:821,0
DA:828,0
DA:829,0
DA:830,0
DA:831,0
DA:832,0
DA:834,0
DA:837,1
DA:838,1
DA:840,1
DA:842,1
DA:843,3
DA:844,2
DA:845,1
DA:846,3
DA:847,1
DA:849,1
DA:851,1
DA:855,0
DA:856,0
DA:857,0
DA:858,0
DA:859,0
DA:869,3
DA:870,3
DA:871,3
DA:872,3
DA:877,2
DA:878,2
DA:879,2
DA:880,3
DA:882,2
DA:884,2
DA:885,2
DA:890,2
DA:891,2
DA:892,4
DA:893,2
DA:894,0
DA:895,0
DA:896,2
DA:897,1
DA:898,1
DA:899,1
DA:902,1
DA:903,2
DA:905,2
DA:907,2
DA:910,4
DA:911,4
DA:913,3
DA:914,2
DA:917,1
DA:918,1
DA:921,0
DA:922,0
DA:923,0
DA:926,0
DA:928,0
DA:929,0
DA:930,0
DA:931,0
DA:935,0
DA:936,0
DA:937,0
DA:938,0
DA:939,0
DA:940,0
DA:944,0
DA:945,0
DA:946,0
DA:947,0
DA:949,0
DA:950,0
DA:952,0
DA:957,0
DA:958,0
DA:959,0
DA:960,0
DA:962,0
DA:963,0
DA:964,0
DA:967,0
DA:968,0
DA:971,0
DA:972,0
DA:973,0
DA:974,0
DA:977,0
DA:978,0
DA:980,0
DA:981,0
DA:982,0
DA:984,0
DA:987,0
DA:988,0
DA:993,0
DA:994,0
DA:995,0
DA:996,0
DA:997,0
DA:1003,0
DA:1004,0
DA:1005,0
DA:1006,0
DA:1007,0
DA:1008,0
DA:1009,0
DA:1010,0
DA:1011,0
DA:1014,0
DA:1015,0
DA:1016,0
DA:1017,0
DA:1019,0
DA:1020,0
DA:1026,1
DA:1027,1
DA:1028,1
DA:1031,1
DA:1033,1
DA:1034,2
DA:1035,2
DA:1038,1
DA:1040,1
DA:1042,2
DA:1043,2
DA:1046,2
DA:1050,1
DA:1051,1
DA:1052,1
DA:1053,3
DA:1054,1
DA:1055,2
DA:1057,1
DA:1058,1
DA:1059,3
DA:1070,0
DA:1071,0
DA:1073,0
DA:1076,0
DA:1077,0
DA:1079,0
DA:1080,0
DA:1081,0
DA:1083,0
DA:1085,0
DA:1089,0
DA:1091,1
DA:1092,2
DA:1094,2
DA:1097,2
DA:1098,1
DA:1099,2
DA:1102,3
DA:1103,1
DA:1105,1
DA:1106,0
DA:1107,1
DA:1112,1
DA:1114,1
DA:1115,1
DA:1116,1
DA:1117,1
DA:1118,3
DA:1128,0
DA:1130,0
DA:1131,0
DA:1132,0
DA:1133,0
DA:1136,0
DA:1137,0
DA:1138,0
DA:1139,0
DA:1140,0
DA:1142,0
DA:1145,0
DA:1146,0
DA:1150,0
DA:1151,0
DA:1152,0
DA:1153,0
DA:1154,0
DA:1156,0
DA:1157,0
DA:1159,0
DA:1162,0
DA:1163,0
DA:1169,0
DA:1171,0
DA:1172,0
DA:1173,0
DA:1174,0
DA:1177,0
DA:1178,0
DA:1179,0
DA:1180,0
DA:1181,0
DA:1183,0
DA:1184,0
DA:1188,0
DA:1189,0
DA:1190,0
DA:1191,0
DA:1192,0
DA:1194,0
DA:1195,0
DA:1197,0
DA:1200,0
DA:1201,0
DA:1211,0
DA:1213,0
DA:1214,0
DA:1215,0
DA:1216,0
DA:1220,0
DA:1221,0
DA:1222,0
DA:1223,0
DA:1224,0
DA:1225,0
DA:1227,0
DA:1233,0
DA:1234,0
DA:1235,0
DA:1236,0
DA:1237,0
DA:1239,0
DA:1241,0
DA:1244,0
DA:1245,0
DA:1251,0
DA:1253,0
DA:1254,0
DA:1255,0
DA:1256,0
DA:1260,0
DA:1261,0
DA:1262,0
DA:1264,0
DA:1265,0
DA:1270,0
DA:1271,0
DA:1272,0
DA:1273,0
DA:1274,0
DA:1276,0
DA:1278,0
DA:1281,0
DA:1282,0
DA:1292,0
DA:1293,0
DA:1294,0
DA:1295,0
DA:1297,0
DA:1298,0
DA:1300,0
DA:1303,0
DA:1304,0
DA:1305,0
DA:1310,0
DA:1312,0
DA:1313,0
DA:1314,0
DA:1315,0
DA:1318,0
DA:1321,0
DA:1322,0
DA:1323,0
DA:1324,0
DA:1325,0
DA:1327,0
DA:1328,0
DA:1329,0
DA:1331,0
DA:1334,0
DA:1335,0
LF:642
LH:176
end_of_record
SF:lib\services\ai_html_guard.dart
DA:19,0
DA:24,63
DA:31,63
DA:35,63
DA:39,42
DA:40,21
DA:42,3
DA:68,21
DA:69,21
DA:73,21
DA:74,44
DA:75,4
DA:76,6
DA:79,21
DA:80,8
DA:84,42
DA:85,45
DA:86,42
DA:91,21
DA:92,21
DA:93,6
DA:94,2
DA:99,44
DA:100,1
DA:101,1
DA:105,42
DA:106,1
DA:109,1
DA:112,21
DA:113,21
DA:114,1
DA:115,1
DA:118,21
DA:123,1
DA:124,1
DA:125,1
DA:128,63
DA:130,21
DA:131,21
DA:132,21
DA:133,42
DA:134,0
DA:135,0
DA:138,63
DA:139,74
DA:140,11
DA:141,22
DA:142,22
DA:143,0
DA:146,15
DA:147,2
DA:150,11
DA:151,3
DA:154,42
DA:155,0
DA:158,21
DA:161,4
DA:163,12
DA:164,4
DA:165,4
DA:166,4
DA:167,4
DA:170,1
DA:171,2
DA:172,1
DA:173,1
DA:179,1
DA:180,1
DA:184,1
DA:185,3
DA:187,1
DA:190,3
DA:193,1
DA:199,1
DA:200,2
DA:202,1
DA:203,2
DA:204,1
DA:205,2
DA:206,1
DA:207,4
DA:208,1
DA:210,0
DA:213,1
DA:215,1
DA:216,1
DA:217,3
DA:218,3
DA:221,1
DA:225,1
DA:226,2
DA:227,3
DA:228,3
DA:229,0
DA:231,1
DA:234,1
DA:236,1
DA:237,1
DA:238,4
DA:239,1
DA:240,1
DA:241,1
DA:242,1
DA:243,1
DA:244,1
DA:245,2
DA:246,4
DA:247,2
DA:248,3
DA:250,1
DA:251,2
DA:252,2
DA:254,1
DA:257,21
DA:260,21
DA:261,42
DA:262,21
DA:263,21
DA:264,21
DA:265,21
DA:266,21
DA:272,1
DA:274,2
DA:275,1
DA:276,1
DA:278,3
DA:290,21
LF:127
LH:120
end_of_record
SF:lib\services\api_key_rotation_service.dart
DA:9,0
DA:11,0
DA:14,0
DA:15,0
DA:16,0
DA:17,0
DA:18,0
DA:19,0
DA:20,0
DA:21,0
DA:22,0
DA:26,0
DA:27,0
DA:28,0
DA:29,0
DA:33,0
DA:38,0
DA:45,0
DA:50,0
DA:52,0
DA:55,0
DA:56,0
DA:57,0
DA:58,0
DA:59,0
DA:60,0
DA:61,0
DA:62,0
DA:63,0
DA:66,0
DA:67,0
DA:68,0
DA:69,0
DA:73,0
DA:76,0
DA:78,0
DA:79,0
DA:81,0
DA:82,0
DA:83,0
DA:86,0
DA:87,0
DA:89,0
DA:90,0
DA:91,0
DA:104,0
LF:46
LH:0
end_of_record
SF:lib\services\local_ai_detector_service.dart
DA:11,0
DA:49,3
DA:50,3
DA:52,6
DA:53,3
DA:54,3
DA:55,3
DA:56,3
DA:59,3
DA:60,3
DA:62,3
DA:63,3
DA:65,6
DA:66,0
DA:67,0
DA:69,0
DA:70,0
DA:71,0
DA:73,0
DA:74,0
DA:75,0
DA:79,0
DA:80,0
LF:23
LH:12
end_of_record
SF:lib\providers\config_service.dart
DA:30,0
DA:31,0
DA:33,0
DA:34,0
DA:37,2
DA:38,2
DA:39,2
DA:40,0
DA:42,0
DA:43,0
DA:45,0
DA:46,0
DA:47,0
DA:48,0
DA:49,0
DA:52,0
DA:54,0
DA:57,2
DA:62,4
DA:64,0
DA:65,0
DA:66,0
DA:68,0
DA:72,2
DA:73,4
DA:78,0
DA:79,0
DA:80,0
DA:83,0
DA:84,0
DA:85,0
DA:94,2
DA:96,2
DA:97,2
DA:98,6
DA:99,1
DA:100,3
DA:101,1
DA:102,3
DA:103,1
DA:104,2
DA:105,1
DA:107,2
DA:108,2
DA:110,2
DA:112,1
DA:116,6
DA:117,6
DA:118,6
DA:119,6
DA:120,6
DA:123,6
DA:124,1
DA:126,1
DA:127,1
DA:128,1
DA:129,1
DA:131,4
DA:133,0
DA:136,0
DA:138,1
DA:146,6
DA:147,1
DA:149,1
DA:150,4
DA:152,0
DA:155,6
DA:160,0
DA:161,0
DA:162,0
DA:163,0
DA:167,5
DA:168,5
DA:169,5
DA:170,10
DA:178,0
DA:179,0
DA:180,0
DA:183,0
DA:184,0
DA:185,0
LF:81
LH:44
end_of_record
SF:lib\services\api_fallback_cascade_service.dart
DA:8,0
DA:9,0
DA:10,0
DA:13,0
DA:17,0
DA:18,0
DA:19,0
DA:20,0
DA:21,0
DA:22,0
DA:23,0
DA:24,0
DA:26,0
DA:27,0
DA:28,0
DA:29,0
DA:33,0
DA:37,0
DA:39,0
DA:40,0
DA:42,0
DA:45,0
DA:47,0
DA:48,0
DA:52,0
DA:53,0
DA:55,0
DA:56,0
DA:59,0
DA:64,1
DA:68,1
DA:69,0
DA:72,1
DA:73,2
DA:75,1
DA:77,3
DA:81,0
LF:37
LH:6
end_of_record
SF:lib\l10n\app_localizations.dart
DA:65,4
DA:66,8
DA:70,4
DA:71,4
DA:4952,1
DA:4954,4
DA:4956,8
DA:4959,4
DA:4961,12
DA:4963,3
DA:4967,4
DA:4969,4
DA:4970,4
DA:4971,4
DA:4972,2
DA:4973,2
DA:4976,0
LF:17
LH:16
end_of_record
SF:lib\l10n\app_localizations_en.dart
DA:9,8
DA:11,0
DA:14,0
DA:17,3
DA:20,3
DA:23,3
DA:26,3
DA:29,3
DA:32,3
DA:35,0
DA:38,0
DA:41,0
DA:44,3
DA:47,3
DA:50,0
DA:53,0
DA:56,0
DA:59,0
DA:62,0
DA:65,0
DA:68,3
DA:70,3
DA:73,0
DA:76,3
DA:79,0
DA:82,0
DA:85,0
DA:88,3
DA:91,0
DA:94,0
DA:97,0
DA:100,0
DA:103,0
DA:106,0
DA:109,0
DA:112,0
DA:115,1
DA:118,0
DA:121,0
DA:124,0
DA:127,0
DA:130,0
DA:133,0
DA:136,0
DA:139,0
DA:143,0
DA:146,0
DA:149,0
DA:152,0
DA:155,0
DA:158,0
DA:161,0
DA:164,0
DA:167,0
DA:170,0
DA:173,0
DA:175,0
DA:178,0
DA:181,0
DA:184,3
DA:187,0
DA:189,0
DA:192,0
DA:195,2
DA:198,3
DA:201,3
DA:204,0
DA:207,0
DA:210,0
DA:212,0
DA:215,0
DA:218,0
DA:220,0
DA:223,0
DA:226,0
DA:229,3
DA:232,3
DA:235,3
DA:237,3
DA:240,3
DA:243,3
DA:246,3
DA:249,0
DA:252,3
DA:255,3
DA:258,0
DA:261,3
DA:264,3
DA:267,0
DA:270,0
DA:273,0
DA:276,0
DA:279,0
DA:282,0
DA:285,0
DA:288,0
DA:291,0
DA:294,0
DA:297,0
DA:299,0
DA:302,0
DA:305,0
DA:308,0
DA:311,0
DA:314,0
DA:317,0
DA:320,0
DA:323,0
DA:326,0
DA:329,0
DA:332,0
DA:335,0
DA:338,0
DA:341,0
DA:344,0
DA:347,3
DA:349,3
DA:352,3
DA:355,3
DA:358,0
DA:361,3
DA:364,3
DA:367,3
DA:370,0
DA:373,3
DA:376,0
DA:379,0
DA:382,0
DA:385,0
DA:388,0
DA:391,3
DA:394,3
DA:397,0
DA:400,0
DA:403,3
DA:406,0
DA:409,0
DA:412,0
DA:415,0
DA:418,0
DA:421,0
DA:424,0
DA:427,0
DA:430,0
DA:433,0
DA:436,0
DA:439,0
DA:442,0
DA:445,0
DA:448,0
DA:451,0
DA:454,0
DA:457,0
DA:460,0
DA:463,0
DA:466,0
DA:469,0
DA:472,0
DA:475,0
DA:478,0
DA:481,0
DA:484,0
DA:487,0
DA:490,0
DA:493,0
DA:496,3
DA:499,3
DA:502,0
DA:505,0
DA:508,0
DA:511,0
DA:514,0
DA:517,0
DA:520,0
DA:523,0
DA:526,0
DA:529,0
DA:532,0
DA:534,0
DA:537,0
DA:540,0
DA:543,0
DA:546,0
DA:549,0
DA:552,0
DA:555,0
DA:558,0
DA:561,0
DA:564,0
DA:567,0
DA:570,0
DA:573,0
DA:576,0
DA:579,0
DA:582,0
DA:585,0
DA:588,0
DA:591,3
DA:594,0
DA:597,0
DA:600,0
DA:603,0
DA:606,0
DA:609,0
DA:612,0
DA:615,0
DA:618,0
DA:621,0
DA:624,0
DA:627,0
DA:630,0
DA:633,0
DA:636,0
DA:639,0
DA:642,0
DA:645,0
DA:648,0
DA:651,0
DA:654,0
DA:657,0
DA:660,0
DA:663,0
DA:665,0
DA:668,0
DA:671,0
DA:673,0
DA:676,0
DA:678,0
DA:681,0
DA:685,0
DA:688,0
DA:691,0
DA:694,0
DA:697,0
DA:699,0
DA:702,0
DA:705,0
DA:708,3
DA:711,0
DA:714,0
DA:717,0
DA:720,0
DA:723,0
DA:726,0
DA:729,1
DA:732,0
DA:735,0
DA:738,1
DA:741,1
DA:745,1
DA:748,1
DA:751,1
DA:754,1
DA:757,1
DA:760,1
DA:763,0
DA:766,0
DA:769,0
DA:771,0
DA:774,0
DA:776,0
DA:779,1
DA:783,0
DA:787,0
DA:791,0
DA:795,0
DA:798,0
DA:801,0
DA:805,0
DA:809,3
DA:811,3
DA:814,0
DA:816,0
DA:819,0
DA:823,3
DA:826,0
DA:828,0
DA:831,0
DA:834,0
DA:838,0
DA:841,0
DA:845,0
DA:848,0
DA:850,0
DA:853,0
DA:856,0
DA:860,0
DA:863,0
DA:866,0
DA:869,0
DA:872,0
DA:875,0
DA:878,0
DA:881,0
DA:884,0
DA:887,0
DA:890,0
DA:892,0
DA:895,0
DA:898,0
DA:901,0
DA:904,0
DA:907,0
DA:910,0
DA:913,0
DA:916,0
DA:919,0
DA:922,0
DA:925,0
DA:928,0
DA:931,0
DA:934,0
DA:937,0
DA:940,0
DA:943,0
DA:946,0
DA:949,0
DA:952,0
DA:955,0
DA:958,0
DA:961,0
DA:964,0
DA:967,0
DA:970,0
DA:973,0
DA:976,0
DA:979,0
DA:982,0
DA:985,0
DA:988,0
DA:991,0
DA:994,0
DA:997,0
DA:1000,0
DA:1003,0
DA:1006,0
DA:1009,0
DA:1012,0
DA:1015,0
DA:1018,0
DA:1021,0
DA:1024,0
DA:1027,0
DA:1030,0
DA:1033,0
DA:1036,0
DA:1039,0
DA:1042,0
DA:1045,0
DA:1048,0
DA:1051,0
DA:1054,0
DA:1057,0
DA:1060,0
DA:1063,0
DA:1066,0
DA:1069,0
DA:1072,0
DA:1075,0
DA:1078,0
DA:1081,0
DA:1084,0
DA:1087,0
DA:1090,0
DA:1093,0
DA:1096,0
DA:1099,0
DA:1102,0
DA:1105,0
DA:1108,0
DA:1111,0
DA:1114,0
DA:1117,0
DA:1120,0
DA:1123,0
DA:1126,0
DA:1129,0
DA:1133,0
DA:1136,0
DA:1139,0
DA:1142,0
DA:1145,0
DA:1148,0
DA:1151,0
DA:1154,0
DA:1157,0
DA:1160,0
DA:1163,0
DA:1166,0
DA:1169,0
DA:1172,0
DA:1175,0
DA:1178,0
DA:1181,0
DA:1184,0
DA:1188,0
DA:1191,0
DA:1194,0
DA:1197,0
DA:1200,0
DA:1203,0
DA:1207,0
DA:1211,0
DA:1214,0
DA:1217,0
DA:1220,0
DA:1223,0
DA:1226,0
DA:1229,0
DA:1232,0
DA:1235,0
DA:1238,0
DA:1241,0
DA:1244,0
DA:1248,0
DA:1251,0
DA:1254,0
DA:1258,0
DA:1261,0
DA:1264,0
DA:1268,0
DA:1271,0
DA:1275,0
DA:1279,0
DA:1282,0
DA:1285,0
DA:1288,0
DA:1291,0
DA:1295,0
DA:1298,0
DA:1301,0
DA:1304,0
DA:1307,0
DA:1310,0
DA:1313,0
DA:1316,0
DA:1319,0
DA:1322,0
DA:1325,0
DA:1328,0
DA:1331,0
DA:1334,0
DA:1337,0
DA:1341,0
DA:1344,0
DA:1347,0
DA:1350,0
DA:1353,0
DA:1356,0
DA:1359,0
DA:1362,0
DA:1365,0
DA:1368,0
DA:1371,0
DA:1374,0
DA:1377,0
DA:1380,0
DA:1383,0
DA:1387,0
DA:1390,0
DA:1393,0
DA:1397,0
DA:1400,0
DA:1403,0
DA:1407,0
DA:1410,0
DA:1414,0
DA:1417,0
DA:1420,0
DA:1423,0
DA:1426,0
DA:1429,0
DA:1432,0
DA:1434,0
DA:1437,0
DA:1440,0
DA:1443,0
DA:1446,0
DA:1449,0
DA:1452,0
DA:1455,0
DA:1458,0
DA:1461,0
DA:1464,0
DA:1467,0
DA:1470,0
DA:1473,0
DA:1476,0
DA:1479,0
DA:1482,0
DA:1485,0
DA:1488,0
DA:1491,0
DA:1494,0
DA:1497,0
DA:1500,0
DA:1503,0
DA:1506,0
DA:1509,0
DA:1512,0
DA:1515,0
DA:1518,0
DA:1521,0
DA:1524,0
DA:1528,0
DA:1531,0
DA:1534,0
DA:1537,0
DA:1540,0
DA:1543,0
DA:1546,0
DA:1549,0
DA:1552,0
DA:1555,0
DA:1558,0
DA:1561,0
DA:1564,0
DA:1567,0
DA:1570,0
DA:1573,0
DA:1576,0
DA:1579,0
DA:1582,0
DA:1585,0
DA:1588,0
DA:1591,0
DA:1594,0
DA:1597,0
DA:1600,0
DA:1603,0
DA:1606,0
DA:1609,0
DA:1612,0
DA:1615,0
DA:1618,0
DA:1621,0
DA:1624,0
DA:1627,0
DA:1630,0
DA:1633,0
DA:1636,0
DA:1639,0
DA:1642,0
DA:1645,0
DA:1648,0
DA:1651,0
DA:1654,0
DA:1657,0
DA:1660,0
DA:1663,0
DA:1666,0
DA:1669,0
DA:1673,0
DA:1676,0
DA:1679,0
DA:1682,0
DA:1685,0
DA:1688,0
DA:1691,0
DA:1694,0
DA:1697,0
DA:1700,0
DA:1704,0
DA:1707,0
DA:1710,0
DA:1713,0
DA:1716,0
DA:1719,0
DA:1722,0
DA:1725,0
DA:1728,0
DA:1731,0
DA:1734,0
DA:1737,0
DA:1740,0
DA:1743,0
DA:1746,0
DA:1749,0
DA:1752,0
DA:1755,0
DA:1758,0
DA:1761,0
DA:1764,0
DA:1767,0
DA:1771,0
DA:1774,0
DA:1777,0
DA:1780,0
DA:1783,0
DA:1786,0
DA:1789,0
DA:1792,0
DA:1796,0
DA:1799,0
DA:1802,0
DA:1805,0
DA:1808,0
DA:1811,0
DA:1814,0
DA:1817,0
DA:1820,0
DA:1823,0
DA:1826,0
DA:1829,0
DA:1832,0
DA:1835,0
DA:1838,0
DA:1841,0
DA:1844,0
DA:1847,0
DA:1850,0
DA:1853,0
DA:1856,0
DA:1859,0
DA:1862,0
DA:1865,0
DA:1868,0
DA:1871,0
DA:1874,0
DA:1877,0
DA:1880,0
DA:1883,0
DA:1886,0
DA:1889,0
DA:1892,0
DA:1895,0
DA:1898,0
DA:1901,0
DA:1904,0
DA:1907,0
DA:1910,0
DA:1913,0
DA:1916,0
DA:1919,0
DA:1922,0
DA:1925,0
DA:1928,0
DA:1931,0
DA:1934,0
DA:1937,0
DA:1940,0
DA:1943,0
DA:1946,0
DA:1949,0
DA:1952,0
DA:1955,0
DA:1958,0
DA:1961,0
DA:1964,0
DA:1967,0
DA:1970,0
DA:1973,0
DA:1976,0
DA:1979,0
DA:1983,0
DA:1986,0
DA:1989,0
DA:1992,0
DA:1995,0
DA:1998,0
DA:2001,0
DA:2004,0
DA:2007,0
DA:2010,0
DA:2013,0
DA:2016,0
DA:2019,0
DA:2022,0
DA:2025,0
DA:2028,0
DA:2031,0
DA:2034,0
DA:2037,0
DA:2040,0
DA:2043,0
DA:2046,0
DA:2049,0
DA:2052,0
DA:2055,0
DA:2058,0
DA:2061,0
DA:2064,0
DA:2067,0
DA:2070,0
DA:2073,0
DA:2076,0
DA:2079,0
DA:2082,0
DA:2085,0
DA:2088,0
DA:2092,0
DA:2095,0
DA:2098,0
DA:2101,0
DA:2104,0
DA:2108,0
DA:2111,0
DA:2114,0
DA:2117,0
DA:2120,0
DA:2123,0
DA:2126,0
DA:2129,0
DA:2133,0
DA:2136,0
DA:2139,0
DA:2142,0
DA:2145,0
DA:2148,0
DA:2151,0
DA:2154,0
DA:2157,0
DA:2160,0
DA:2163,0
DA:2166,0
DA:2169,0
DA:2172,0
DA:2175,0
DA:2177,0
DA:2180,0
DA:2183,0
DA:2186,0
DA:2189,0
DA:2192,0
DA:2196,0
DA:2199,0
DA:2203,0
DA:2206,0
DA:2209,0
DA:2212,0
DA:2215,0
DA:2218,0
DA:2221,0
DA:2224,0
DA:2227,0
DA:2230,0
DA:2233,0
DA:2236,0
DA:2238,0
DA:2241,0
DA:2243,0
DA:2246,0
DA:2249,0
DA:2252,0
DA:2254,0
DA:2257,0
DA:2259,0
DA:2262,0
DA:2265,0
DA:2268,0
DA:2271,0
DA:2274,0
DA:2277,0
DA:2280,0
DA:2283,0
DA:2286,0
DA:2289,0
DA:2292,0
DA:2295,0
DA:2298,0
DA:2301,0
DA:2304,0
DA:2307,0
DA:2310,0
DA:2313,0
DA:2316,0
DA:2319,0
DA:2322,0
DA:2325,0
DA:2328,0
DA:2331,0
DA:2334,0
DA:2337,0
DA:2340,0
DA:2343,0
DA:2346,0
DA:2349,0
DA:2352,0
DA:2355,0
DA:2358,0
DA:2361,0
DA:2364,0
DA:2367,0
DA:2370,0
DA:2373,0
DA:2376,0
DA:2380,0
DA:2383,0
DA:2386,0
DA:2389,0
DA:2392,0
DA:2395,0
DA:2398,0
DA:2401,0
DA:2404,3
DA:2407,3
DA:2410,3
DA:2413,0
DA:2416,0
DA:2419,0
DA:2422,3
DA:2425,3
DA:2428,0
DA:2431,0
DA:2434,0
DA:2437,0
DA:2440,0
DA:2443,0
DA:2446,0
DA:2449,0
DA:2452,0
DA:2455,0
DA:2458,0
DA:2461,0
DA:2464,0
DA:2467,0
DA:2470,0
DA:2473,0
DA:2476,4
DA:2479,0
DA:2482,0
DA:2485,3
DA:2488,0
DA:2491,0
DA:2493,0
DA:2496,0
DA:2498,0
DA:2501,3
DA:2504,0
DA:2506,0
DA:2509,3
DA:2512,0
DA:2515,0
DA:2518,0
DA:2521,0
DA:2524,0
DA:2528,0
DA:2532,0
DA:2534,0
LF:839
LH:66
end_of_record
SF:lib\l10n\app_localizations_vi.dart
DA:9,4
DA:11,0
DA:14,0
DA:17,1
DA:20,1
DA:23,1
DA:26,1
DA:29,1
DA:32,1
DA:35,0
DA:38,0
DA:41,0
DA:44,1
DA:47,1
DA:50,0
DA:53,0
DA:56,0
DA:59,0
DA:62,0
DA:65,0
DA:68,1
DA:70,1
DA:73,0
DA:76,1
DA:79,0
DA:82,0
DA:85,0
DA:88,1
DA:91,0
DA:94,0
DA:97,0
DA:100,0
DA:103,0
DA:106,1
DA:109,0
DA:112,0
DA:115,1
DA:118,0
DA:121,0
DA:124,0
DA:127,0
DA:130,0
DA:133,0
DA:136,0
DA:139,0
DA:142,0
DA:145,0
DA:148,0
DA:151,0
DA:154,0
DA:157,0
DA:160,0
DA:163,0
DA:166,0
DA:169,0
DA:172,0
DA:174,0
DA:177,0
DA:180,0
DA:183,1
DA:186,0
DA:188,0
DA:191,0
DA:194,0
DA:197,1
DA:200,1
DA:203,0
DA:206,0
DA:209,0
DA:211,0
DA:214,0
DA:217,0
DA:219,0
DA:222,0
DA:225,0
DA:228,1
DA:231,1
DA:234,1
DA:236,1
DA:239,1
DA:242,1
DA:245,1
DA:248,0
DA:251,1
DA:254,1
DA:257,0
DA:260,1
DA:263,1
DA:266,0
DA:269,0
DA:272,0
DA:275,0
DA:278,0
DA:281,0
DA:284,0
DA:287,0
DA:290,0
DA:293,0
DA:296,0
DA:298,0
DA:301,0
DA:304,0
DA:307,0
DA:311,0
DA:314,0
DA:317,0
DA:320,0
DA:323,0
DA:326,0
DA:329,0
DA:332,0
DA:335,0
DA:338,0
DA:341,0
DA:344,0
DA:347,1
DA:349,1
DA:352,1
DA:355,0
DA:358,1
DA:361,1
DA:364,1
DA:367,1
DA:370,0
DA:373,1
DA:376,0
DA:379,0
DA:382,0
DA:385,0
DA:388,0
DA:391,1
DA:394,1
DA:397,0
DA:400,0
DA:403,1
DA:406,0
DA:409,0
DA:412,0
DA:415,0
DA:418,0
DA:421,0
DA:424,0
DA:427,0
DA:430,0
DA:433,0
DA:436,0
DA:439,0
DA:442,0
DA:445,0
DA:448,0
DA:451,0
DA:454,0
DA:457,0
DA:460,0
DA:463,0
DA:466,0
DA:469,0
DA:472,0
DA:475,0
DA:478,0
DA:481,0
DA:484,0
DA:487,0
DA:490,0
DA:493,0
DA:496,1
DA:499,1
DA:502,0
DA:505,0
DA:508,0
DA:511,0
DA:514,0
DA:517,0
DA:520,0
DA:523,0
DA:526,0
DA:529,0
DA:532,0
DA:534,0
DA:537,0
DA:540,0
DA:543,0
DA:546,0
DA:549,0
DA:552,0
DA:555,0
DA:558,0
DA:561,0
DA:564,0
DA:567,0
DA:570,0
DA:573,0
DA:576,0
DA:579,0
DA:582,0
DA:585,0
DA:588,0
DA:591,2
DA:594,0
DA:597,0
DA:600,0
DA:603,0
DA:606,0
DA:609,0
DA:612,0
DA:615,0
DA:618,0
DA:621,0
DA:624,0
DA:627,0
DA:630,0
DA:633,0
DA:636,1
DA:639,1
DA:642,1
DA:645,1
DA:648,1
DA:651,1
DA:654,1
DA:657,1
DA:660,1
DA:663,1
DA:665,1
DA:668,0
DA:671,0
DA:673,0
DA:676,0
DA:678,0
DA:681,0
DA:685,0
DA:688,0
DA:691,0
DA:694,0
DA:697,0
DA:699,0
DA:702,0
DA:705,0
DA:708,1
DA:711,0
DA:714,0
DA:717,0
DA:720,0
DA:723,0
DA:726,0
DA:729,1
DA:732,0
DA:735,0
DA:738,1
DA:741,1
DA:745,1
DA:748,1
DA:751,1
DA:754,1
DA:757,1
DA:760,1
DA:763,0
DA:766,0
DA:769,0
DA:771,0
DA:774,0
DA:776,0
DA:779,1
DA:783,0
DA:787,0
DA:791,0
DA:795,0
DA:798,0
DA:802,0
DA:806,0
DA:809,1
DA:811,1
DA:814,0
DA:816,0
DA:819,0
DA:823,1
DA:827,0
DA:829,0
DA:832,0
DA:835,0
DA:839,1
DA:842,1
DA:846,0
DA:849,0
DA:851,0
DA:854,0
DA:857,0
DA:861,0
DA:864,0
DA:867,0
DA:870,0
DA:873,0
DA:876,0
DA:879,0
DA:882,0
DA:885,0
DA:888,0
DA:891,0
DA:893,0
DA:896,0
DA:899,0
DA:902,0
DA:905,0
DA:908,0
DA:911,0
DA:914,0
DA:917,0
DA:920,0
DA:923,0
DA:926,0
DA:929,0
DA:932,0
DA:935,0
DA:938,0
DA:941,0
DA:944,0
DA:947,0
DA:950,0
DA:953,0
DA:956,0
DA:959,0
DA:962,0
DA:965,0
DA:968,0
DA:971,0
DA:974,0
DA:977,0
DA:980,0
DA:983,0
DA:986,0
DA:989,0
DA:992,0
DA:995,0
DA:998,0
DA:1001,0
DA:1004,0
DA:1007,0
DA:1010,0
DA:1013,0
DA:1016,0
DA:1019,0
DA:1022,0
DA:1025,0
DA:1028,0
DA:1031,0
DA:1034,0
DA:1037,0
DA:1040,0
DA:1043,0
DA:1046,0
DA:1049,0
DA:1052,0
DA:1055,0
DA:1058,0
DA:1061,0
DA:1064,0
DA:1067,0
DA:1070,0
DA:1073,0
DA:1076,0
DA:1079,0
DA:1082,0
DA:1085,0
DA:1088,0
DA:1091,0
DA:1094,0
DA:1097,0
DA:1100,0
DA:1103,0
DA:1106,0
DA:1109,0
DA:1112,0
DA:1115,0
DA:1118,0
DA:1121,0
DA:1124,0
DA:1127,0
DA:1130,0
DA:1134,0
DA:1137,0
DA:1140,0
DA:1143,0
DA:1146,0
DA:1149,0
DA:1152,0
DA:1155,0
DA:1158,0
DA:1161,0
DA:1164,0
DA:1167,0
DA:1170,0
DA:1173,0
DA:1176,0
DA:1179,0
DA:1182,0
DA:1185,0
DA:1189,0
DA:1192,0
DA:1195,0
DA:1198,0
DA:1201,0
DA:1204,0
DA:1208,0
DA:1212,0
DA:1215,0
DA:1218,0
DA:1221,0
DA:1224,0
DA:1227,0
DA:1230,0
DA:1233,0
DA:1236,0
DA:1239,0
DA:1242,0
DA:1245,0
DA:1249,0
DA:1252,0
DA:1255,0
DA:1259,0
DA:1262,0
DA:1265,0
DA:1269,0
DA:1272,0
DA:1276,0
DA:1279,0
DA:1282,0
DA:1285,0
DA:1288,0
DA:1291,0
DA:1295,0
DA:1298,0
DA:1301,0
DA:1304,0
DA:1307,0
DA:1310,0
DA:1313,0
DA:1316,0
DA:1319,0
DA:1322,0
DA:1325,0
DA:1328,0
DA:1332,0
DA:1335,0
DA:1338,0
DA:1342,0
DA:1345,0
DA:1348,0
DA:1351,0
DA:1354,0
DA:1357,0
DA:1360,0
DA:1363,0
DA:1366,0
DA:1369,0
DA:1372,0
DA:1375,0
DA:1378,0
DA:1381,0
DA:1384,0
DA:1388,0
DA:1391,0
DA:1394,0
DA:1398,0
DA:1401,0
DA:1404,0
DA:1407,0
DA:1410,0
DA:1413,0
DA:1416,0
DA:1419,0
DA:1422,0
DA:1425,0
DA:1428,0
DA:1431,0
DA:1433,0
DA:1436,0
DA:1439,0
DA:1442,0
DA:1445,0
DA:1448,0
DA:1451,0
DA:1454,0
DA:1457,0
DA:1460,0
DA:1463,0
DA:1466,0
DA:1469,0
DA:1472,0
DA:1475,0
DA:1478,0
DA:1481,0
DA:1484,0
DA:1487,0
DA:1490,0
DA:1493,0
DA:1496,0
DA:1499,0
DA:1502,0
DA:1505,0
DA:1508,0
DA:1511,0
DA:1514,0
DA:1517,0
DA:1520,0
DA:1523,0
DA:1527,0
DA:1530,0
DA:1533,0
DA:1536,0
DA:1539,0
DA:1542,0
DA:1545,0
DA:1548,0
DA:1551,0
DA:1554,0
DA:1557,0
DA:1560,0
DA:1563,0
DA:1566,0
DA:1569,0
DA:1572,0
DA:1575,0
DA:1578,0
DA:1581,0
DA:1584,0
DA:1587,0
DA:1590,0
DA:1593,0
DA:1596,0
DA:1599,0
DA:1602,0
DA:1605,0
DA:1608,0
DA:1611,0
DA:1614,0
DA:1617,0
DA:1620,0
DA:1623,0
DA:1626,0
DA:1629,0
DA:1632,0
DA:1635,0
DA:1638,0
DA:1641,0
DA:1644,0
DA:1647,0
DA:1650,0
DA:1653,0
DA:1656,0
DA:1659,0
DA:1662,0
DA:1665,0
DA:1668,0
DA:1672,0
DA:1675,0
DA:1678,0
DA:1681,0
DA:1684,0
DA:1687,0
DA:1690,0
DA:1693,0
DA:1696,0
DA:1699,0
DA:1702,0
DA:1705,0
DA:1708,0
DA:1711,0
DA:1714,0
DA:1717,0
DA:1720,0
DA:1723,0
DA:1726,0
DA:1729,0
DA:1732,0
DA:1735,0
DA:1738,0
DA:1741,0
DA:1744,0
DA:1747,0
DA:1750,0
DA:1753,0
DA:1756,0
DA:1759,0
DA:1762,0
DA:1765,0
DA:1769,0
DA:1772,0
DA:1775,0
DA:1778,0
DA:1781,0
DA:1784,0
DA:1787,0
DA:1790,0
DA:1794,0
DA:1797,0
DA:1800,0
DA:1803,0
DA:1806,0
DA:1809,0
DA:1812,0
DA:1815,0
DA:1818,0
DA:1821,0
DA:1824,0
DA:1827,0
DA:1830,0
DA:1833,0
DA:1836,0
DA:1839,0
DA:1842,0
DA:1845,0
DA:1848,0
DA:1851,0
DA:1854,0
DA:1857,0
DA:1860,0
DA:1863,0
DA:1866,0
DA:1869,0
DA:1872,0
DA:1875,0
DA:1878,0
DA:1881,0
DA:1884,0
DA:1887,0
DA:1890,0
DA:1893,0
DA:1896,0
DA:1899,0
DA:1902,0
DA:1905,0
DA:1908,0
DA:1911,0
DA:1914,0
DA:1917,0
DA:1920,0
DA:1923,0
DA:1926,0
DA:1929,0
DA:1932,0
DA:1935,0
DA:1938,0
DA:1941,0
DA:1944,0
DA:1947,0
DA:1950,0
DA:1953,0
DA:1956,0
DA:1959,0
DA:1962,0
DA:1965,0
DA:1968,0
DA:1971,0
DA:1974,0
DA:1977,0
DA:1981,0
DA:1984,0
DA:1987,0
DA:1990,0
DA:1993,0
DA:1996,0
DA:1999,0
DA:2002,0
DA:2005,0
DA:2008,0
DA:2011,0
DA:2014,0
DA:2017,0
DA:2020,0
DA:2023,0
DA:2026,0
DA:2029,0
DA:2032,0
DA:2035,0
DA:2038,0
DA:2041,0
DA:2044,0
DA:2047,0
DA:2050,0
DA:2053,0
DA:2056,0
DA:2059,0
DA:2062,0
DA:2065,0
DA:2068,0
DA:2071,0
DA:2074,0
DA:2077,0
DA:2080,0
DA:2083,0
DA:2086,0
DA:2090,0
DA:2093,0
DA:2096,0
DA:2099,0
DA:2102,1
DA:2106,0
DA:2109,0
DA:2112,0
DA:2115,0
DA:2118,0
DA:2121,0
DA:2124,0
DA:2127,0
DA:2131,0
DA:2134,0
DA:2137,0
DA:2140,0
DA:2143,0
DA:2146,0
DA:2149,0
DA:2152,0
DA:2155,0
DA:2158,0
DA:2161,0
DA:2164,0
DA:2167,0
DA:2170,0
DA:2173,0
DA:2175,0
DA:2178,0
DA:2181,0
DA:2184,0
DA:2187,0
DA:2190,0
DA:2194,0
DA:2197,0
DA:2201,0
DA:2204,0
DA:2207,0
DA:2210,0
DA:2213,0
DA:2216,0
DA:2219,0
DA:2222,0
DA:2225,0
DA:2228,0
DA:2231,0
DA:2234,0
DA:2236,0
DA:2239,0
DA:2241,0
DA:2244,0
DA:2247,0
DA:2250,0
DA:2252,0
DA:2255,0
DA:2257,0
DA:2260,0
DA:2263,0
DA:2266,0
DA:2269,0
DA:2272,0
DA:2275,0
DA:2278,0
DA:2281,0
DA:2284,0
DA:2287,0
DA:2290,0
DA:2293,0
DA:2296,0
DA:2299,0
DA:2302,0
DA:2305,0
DA:2309,0
DA:2312,0
DA:2315,0
DA:2318,0
DA:2321,0
DA:2324,0
DA:2327,0
DA:2330,0
DA:2333,0
DA:2336,0
DA:2339,0
DA:2342,0
DA:2345,0
DA:2348,0
DA:2351,0
DA:2354,0
DA:2357,0
DA:2360,0
DA:2363,0
DA:2366,0
DA:2369,0
DA:2372,0
DA:2375,0
DA:2379,0
DA:2382,0
DA:2385,0
DA:2388,0
DA:2391,0
DA:2394,0
DA:2397,0
DA:2400,0
DA:2403,1
DA:2406,1
DA:2409,1
DA:2412,0
DA:2415,0
DA:2418,0
DA:2421,1
DA:2424,1
DA:2427,0
DA:2430,0
DA:2433,0
DA:2436,0
DA:2439,0
DA:2442,0
DA:2445,0
DA:2448,0
DA:2451,0
DA:2454,0
DA:2457,0
DA:2460,0
DA:2463,0
DA:2466,0
DA:2469,0
DA:2472,0
DA:2475,1
DA:2478,0
DA:2481,0
DA:2484,1
DA:2487,0
DA:2490,0
DA:2492,0
DA:2495,0
DA:2497,0
DA:2500,1
DA:2503,0
DA:2505,0
DA:2508,1
DA:2511,0
DA:2514,0
DA:2517,0
DA:2520,0
DA:2523,0
DA:2527,0
DA:2531,0
DA:2533,0
LF:839
LH:80
end_of_record
SF:lib\l10n\l10n.dart
DA:7,8
LF:1
LH:1
end_of_record
SF:lib\screens\home_screen.dart
DA:35,1
DA:37,3
DA:38,3
DA:51,3
DA:53,3
DA:54,6
DA:55,6
DA:59,9
DA:60,3
DA:62,6
DA:64,3
DA:65,6
DA:69,3
DA:71,6
DA:72,6
DA:73,3
DA:77,3
DA:79,3
DA:82,6
DA:84,6
DA:86,6
DA:88,6
DA:89,6
DA:90,6
DA:92,6
DA:94,6
DA:96,6
DA:98,6
DA:100,6
DA:102,6
DA:109,6
DA:111,6
DA:113,6
DA:115,6
DA:117,6
DA:119,6
DA:121,6
DA:122,6
DA:124,6
DA:125,6
DA:127,6
DA:129,6
DA:136,3
DA:140,3
DA:141,3
DA:142,0
DA:143,0
DA:144,0
DA:149,3
DA:150,0
DA:151,0
DA:155,3
DA:156,1
DA:158,1
DA:159,1
DA:160,1
DA:165,3
DA:166,0
DA:167,0
DA:171,3
DA:172,0
DA:173,0
DA:177,3
DA:178,0
DA:179,0
DA:183,3
DA:184,0
DA:185,0
DA:189,3
DA:190,0
DA:191,0
DA:195,3
DA:196,0
DA:197,0
DA:198,0
DA:203,3
DA:204,0
DA:205,0
DA:206,0
DA:211,3
DA:212,0
DA:213,0
DA:214,0
DA:219,3
DA:220,0
DA:221,0
DA:228,3
DA:229,0
DA:230,0
DA:231,0
DA:232,0
DA:237,3
DA:238,0
DA:239,0
DA:240,0
DA:241,0
DA:242,0
DA:243,0
DA:244,0
DA:245,0
DA:246,0
DA:247,0
DA:248,0
DA:249,0
DA:250,0
DA:251,0
DA:253,0
DA:254,0
DA:261,3
DA:262,0
DA:263,0
DA:267,3
DA:268,0
DA:269,0
DA:273,3
DA:274,0
DA:275,0
DA:279,3
DA:280,0
DA:281,0
DA:282,0
DA:283,0
DA:285,0
DA:290,3
DA:291,0
DA:292,0
DA:293,0
DA:294,0
DA:295,0
DA:296,0
DA:297,0
DA:298,0
DA:303,3
DA:304,0
DA:305,0
DA:306,0
DA:307,0
DA:308,0
DA:309,0
DA:310,0
DA:311,0
DA:313,0
DA:314,0
DA:315,0
DA:316,0
DA:321,3
DA:322,0
DA:323,0
DA:324,0
DA:325,0
DA:326,0
DA:327,0
DA:328,0
DA:329,0
DA:330,0
DA:331,0
DA:332,0
DA:333,0
DA:334,0
DA:335,0
DA:336,0
DA:338,0
DA:343,3
DA:344,0
DA:345,0
DA:349,3
DA:350,0
DA:351,0
DA:355,3
DA:356,0
DA:357,0
DA:364,3
DA:366,3
DA:367,3
DA:368,3
DA:369,3
DA:370,3
DA:371,6
DA:372,6
DA:374,3
DA:375,3
DA:376,3
DA:377,3
DA:378,3
DA:380,3
DA:381,3
DA:382,3
DA:385,3
DA:387,6
DA:388,3
DA:389,3
DA:391,3
DA:392,3
DA:393,3
DA:397,3
DA:398,3
DA:399,3
DA:401,3
DA:406,2
DA:408,0
DA:409,0
DA:410,0
DA:411,0
DA:412,0
DA:413,0
DA:414,0
DA:415,2
DA:416,2
DA:417,0
DA:418,0
DA:419,0
DA:423,0
DA:424,0
DA:425,0
DA:426,0
DA:428,0
DA:429,0
DA:432,0
DA:433,0
DA:434,0
DA:435,0
DA:438,0
DA:439,0
DA:440,0
DA:442,0
DA:443,0
DA:446,0
DA:447,0
DA:448,0
DA:449,0
DA:450,2
DA:454,4
DA:455,4
DA:456,0
DA:458,0
DA:459,2
DA:460,2
DA:464,3
DA:465,3
DA:466,3
DA:467,3
DA:468,3
DA:469,3
DA:473,3
DA:478,3
DA:479,0
DA:480,0
DA:482,0
DA:494,2
DA:495,2
DA:496,4
DA:497,4
DA:498,0
DA:500,4
DA:501,4
DA:502,0
DA:503,2
DA:504,4
DA:506,4
DA:507,0
DA:508,0
DA:510,4
DA:529,3
DA:531,3
DA:533,3
DA:535,3
DA:536,3
DA:543,3
DA:544,3
DA:546,3
DA:552,3
DA:553,3
DA:556,3
DA:557,3
DA:560,3
DA:562,3
DA:564,3
DA:565,3
DA:566,3
DA:570,0
DA:579,3
DA:581,3
DA:594,3
DA:595,3
DA:597,3
DA:598,3
DA:600,6
DA:601,9
DA:602,6
DA:603,0
DA:606,3
DA:608,6
DA:609,6
DA:610,6
DA:611,0
DA:614,3
DA:616,6
DA:617,6
DA:618,6
DA:619,0
DA:622,3
DA:624,6
DA:625,6
DA:626,6
DA:627,0
DA:630,3
DA:632,6
DA:633,6
DA:634,6
DA:635,0
DA:643,3
DA:645,3
DA:647,3
DA:649,3
DA:651,6
DA:652,0
DA:653,0
DA:654,0
DA:657,0
DA:663,3
DA:668,0
DA:669,6
DA:670,0
DA:675,3
DA:677,6
DA:678,0
DA:692,3
DA:699,3
DA:702,3
DA:704,3
DA:705,3
DA:712,3
DA:713,3
DA:715,3
DA:716,0
DA:718,0
DA:720,0
DA:721,0
DA:727,3
DA:728,0
DA:729,0
DA:730,0
DA:731,0
DA:732,3
DA:733,3
DA:736,3
DA:739,3
DA:740,6
DA:741,3
DA:742,0
DA:743,3
DA:752,6
DA:754,0
DA:756,0
DA:760,0
DA:762,0
DA:764,0
DA:775,3
DA:778,3
DA:780,9
DA:781,0
DA:784,3
DA:786,6
DA:787,0
DA:790,3
DA:792,6
DA:793,0
DA:794,0
DA:807,0
DA:808,0
DA:809,0
DA:810,0
DA:813,2
DA:815,8
DA:816,2
DA:823,0
DA:824,0
DA:825,0
DA:827,0
DA:828,0
DA:829,0
DA:830,0
DA:831,0
DA:833,0
DA:834,0
DA:835,0
DA:836,0
DA:838,0
DA:839,0
DA:840,0
DA:841,0
DA:843,0
DA:844,0
DA:845,0
DA:846,0
DA:848,0
DA:849,0
DA:850,0
DA:851,0
DA:853,0
DA:854,0
DA:855,0
DA:856,0
DA:858,0
DA:864,0
DA:865,0
DA:868,0
DA:870,0
DA:871,0
DA:872,0
DA:876,0
DA:878,0
DA:879,0
DA:880,0
DA:882,0
DA:883,0
DA:884,0
DA:885,0
DA:886,0
DA:889,0
DA:890,0
DA:895,0
DA:896,0
DA:897,0
DA:898,0
DA:901,0
DA:902,0
DA:903,0
DA:909,0
DA:910,0
DA:911,0
DA:912,0
DA:913,0
DA:915,0
DA:917,0
DA:919,0
DA:920,0
DA:921,0
DA:922,0
DA:926,0
DA:927,0
DA:928,0
DA:929,0
DA:932,0
DA:934,0
DA:935,0
DA:936,0
DA:939,0
DA:940,0
DA:943,0
DA:944,0
DA:952,0
DA:953,0
DA:954,0
DA:955,0
DA:964,0
DA:966,0
DA:967,0
DA:969,0
DA:979,0
DA:980,0
DA:981,0
DA:982,0
DA:983,0
DA:984,0
DA:985,0
DA:989,0
DA:990,0
DA:991,0
DA:992,0
DA:993,0
DA:995,0
DA:997,0
DA:1001,0
DA:1002,0
DA:1005,0
DA:1006,0
DA:1007,0
DA:1008,0
DA:1012,0
DA:1013,0
DA:1014,0
DA:1015,0
DA:1017,0
DA:1018,0
DA:1019,0
DA:1020,0
DA:1021,0
DA:1029,0
DA:1031,0
DA:1032,0
DA:1033,0
DA:1034,0
DA:1044,0
DA:1046,0
DA:1048,0
DA:1049,0
DA:1050,0
DA:1052,0
DA:1053,0
DA:1055,0
DA:1056,0
DA:1060,0
LF:503
LH:203
end_of_record
SF:lib\providers\app_provider.dart
DA:10,6
DA:11,6
DA:13,3
DA:14,3
DA:17,1
DA:18,2
DA:19,1
DA:20,1
DA:24,0
DA:25,0
DA:26,0
DA:28,0
DA:30,0
DA:32,0
DA:34,0
DA:42,0
DA:43,0
DA:44,0
DA:45,0
DA:47,0
DA:48,0
DA:50,0
DA:51,0
DA:54,0
DA:55,0
DA:59,0
DA:60,0
DA:61,0
DA:62,0
DA:65,0
DA:66,0
DA:67,0
DA:69,0
DA:71,0
DA:78,3
DA:80,3
DA:81,3
DA:82,6
DA:83,9
DA:84,0
DA:86,3
DA:88,0
DA:92,0
DA:94,0
DA:95,0
LF:45
LH:14
end_of_record
SF:lib\providers\presentation_state.dart
DA:67,0
DA:69,0
DA:70,0
DA:71,0
DA:74,0
DA:76,0
DA:77,0
DA:78,0
DA:79,0
DA:84,0
DA:85,0
DA:86,0
DA:87,0
DA:90,0
DA:92,0
DA:93,0
DA:94,0
DA:98,0
DA:100,0
DA:101,0
DA:102,0
DA:103,0
DA:104,0
DA:119,6
DA:120,0
DA:121,0
DA:123,0
DA:124,0
DA:125,0
DA:126,0
DA:131,0
DA:132,0
DA:133,0
DA:134,0
DA:140,1
DA:141,2
DA:142,1
DA:143,1
DA:145,3
DA:146,1
DA:147,0
DA:148,0
DA:150,1
DA:151,1
DA:155,1
DA:156,1
DA:157,4
DA:158,1
DA:159,2
DA:160,2
DA:161,1
DA:162,1
DA:164,4
DA:166,2
DA:170,1
DA:171,1
DA:172,1
DA:173,1
DA:174,7
DA:176,3
DA:179,0
DA:180,6
DA:181,9
DA:182,9
DA:183,4
DA:186,1
DA:187,6
DA:190,3
DA:192,0
DA:193,0
DA:196,0
DA:198,5
DA:199,5
DA:200,5
DA:205,5
DA:206,10
DA:207,5
DA:208,5
DA:209,5
DA:212,0
DA:213,0
DA:214,0
DA:220,0
DA:221,0
DA:222,0
DA:223,0
DA:224,0
DA:228,0
DA:233,5
DA:234,10
DA:235,5
DA:236,0
DA:237,0
DA:241,0
DA:242,0
DA:243,0
DA:244,0
DA:249,0
DA:250,0
DA:251,0
DA:252,0
DA:253,0
DA:258,0
DA:259,0
DA:261,0
DA:262,0
DA:263,0
DA:264,0
DA:268,0
DA:269,0
DA:271,0
DA:272,0
DA:273,0
DA:274,0
DA:278,2
DA:279,6
DA:283,2
DA:284,3
DA:285,5
DA:286,1
DA:287,1
DA:292,0
DA:293,0
DA:294,0
DA:295,0
DA:296,0
DA:297,0
DA:302,3
DA:304,3
DA:305,3
DA:306,3
DA:308,0
DA:309,0
DA:311,3
DA:312,3
DA:317,0
DA:321,0
DA:322,0
DA:323,0
DA:324,0
DA:325,0
DA:326,0
DA:328,0
DA:329,0
DA:330,0
DA:332,0
DA:333,0
DA:334,0
DA:335,0
DA:336,0
DA:337,0
DA:339,0
DA:342,0
DA:344,0
DA:345,0
DA:346,0
DA:352,0
DA:357,0
DA:358,0
DA:360,0
DA:362,0
DA:363,0
DA:364,0
DA:366,0
DA:367,0
DA:368,0
DA:370,0
DA:371,0
DA:372,0
DA:373,0
DA:381,2
DA:382,4
DA:383,2
DA:384,2
DA:385,2
DA:388,0
DA:389,0
DA:390,0
DA:391,0
DA:394,0
DA:395,0
DA:396,0
DA:402,0
DA:403,0
DA:404,0
DA:405,0
DA:406,0
DA:407,0
DA:411,1
DA:412,4
DA:413,2
DA:414,1
DA:415,1
DA:422,0
DA:423,0
DA:424,0
DA:425,0
DA:431,0
DA:432,0
DA:433,0
DA:434,0
DA:435,0
DA:437,0
DA:438,0
DA:440,0
DA:442,0
DA:448,0
DA:449,0
DA:450,0
DA:451,0
DA:452,0
DA:454,0
DA:455,0
DA:457,0
DA:459,0
DA:465,0
DA:466,0
DA:467,0
DA:468,0
DA:469,0
DA:471,0
DA:472,0
DA:474,0
DA:476,0
DA:482,0
DA:483,0
DA:484,0
DA:485,0
DA:486,0
DA:488,0
DA:489,0
DA:491,0
DA:493,0
DA:499,0
DA:500,0
DA:501,0
DA:502,0
DA:503,0
DA:505,0
DA:506,0
DA:508,0
DA:510,0
DA:516,0
DA:517,0
DA:518,0
DA:519,0
DA:520,0
DA:522,0
DA:523,0
DA:525,0
DA:527,0
DA:531,0
DA:532,0
DA:533,0
DA:534,0
DA:535,0
DA:537,0
DA:538,0
DA:540,0
DA:542,0
DA:546,0
DA:547,0
DA:548,0
DA:549,0
DA:550,0
DA:551,0
DA:552,0
DA:554,0
DA:556,0
DA:560,0
DA:561,0
DA:562,0
DA:563,0
DA:564,0
DA:566,0
DA:567,0
DA:569,0
DA:571,0
DA:575,0
DA:576,0
DA:577,0
DA:578,0
DA:579,0
DA:580,0
DA:581,0
DA:583,0
DA:585,0
DA:590,0
DA:591,0
DA:592,0
DA:593,0
DA:594,0
DA:595,0
DA:596,0
DA:598,0
DA:600,0
DA:610,0
DA:611,0
DA:612,0
DA:613,0
DA:614,0
DA:615,0
DA:616,0
DA:617,0
DA:619,0
DA:621,0
DA:627,0
DA:628,0
DA:629,0
DA:630,0
DA:631,0
DA:632,0
DA:633,0
DA:634,0
DA:636,0
DA:638,0
DA:644,0
DA:645,0
DA:646,0
DA:647,0
DA:648,0
DA:649,0
DA:650,0
DA:651,0
DA:652,0
DA:654,0
DA:655,0
DA:656,0
DA:657,0
DA:659,0
DA:661,0
DA:662,0
DA:669,0
DA:670,0
DA:671,0
DA:672,0
DA:673,0
DA:674,0
DA:676,0
DA:677,0
DA:678,0
DA:679,0
DA:681,0
DA:682,0
DA:685,0
DA:686,0
DA:687,0
DA:688,0
DA:689,0
DA:690,0
DA:691,0
DA:692,0
DA:695,0
DA:696,0
DA:697,0
DA:698,0
DA:700,0
DA:703,0
DA:704,0
DA:705,0
DA:706,0
DA:707,0
DA:708,0
DA:716,0
DA:717,0
DA:718,0
DA:719,0
DA:720,0
DA:721,0
DA:722,0
DA:723,0
DA:728,0
DA:729,0
DA:730,0
DA:731,0
DA:732,0
DA:733,0
DA:735,0
DA:740,0
DA:741,0
DA:742,0
DA:743,0
DA:744,0
DA:745,0
DA:747,0
DA:751,0
DA:752,0
DA:753,0
DA:754,0
DA:755,0
DA:756,0
DA:758,0
DA:764,0
DA:765,0
DA:766,0
DA:767,0
DA:768,0
DA:771,0
DA:772,0
DA:773,0
DA:774,0
DA:780,0
DA:781,0
DA:782,0
DA:783,0
DA:784,0
DA:785,0
DA:787,0
DA:788,0
DA:789,0
DA:790,0
DA:792,0
DA:793,0
DA:794,0
DA:795,0
DA:798,0
DA:799,0
DA:800,0
DA:801,0
DA:802,0
DA:803,0
DA:804,0
DA:806,0
DA:807,0
DA:808,0
DA:809,0
DA:810,0
DA:815,0
DA:816,0
DA:817,0
DA:818,0
DA:819,0
DA:820,0
DA:821,0
DA:822,0
DA:824,0
DA:825,0
DA:827,0
DA:828,0
DA:830,0
DA:831,0
DA:832,0
DA:834,0
DA:836,0
DA:840,0
DA:841,0
DA:842,0
DA:843,0
DA:844,0
DA:845,0
DA:846,0
DA:848,0
DA:849,0
DA:851,0
DA:853,0
DA:854,0
DA:858,0
DA:859,0
DA:860,0
DA:861,0
DA:863,0
DA:864,0
DA:866,0
DA:867,0
DA:869,0
DA:870,0
DA:872,0
DA:873,0
DA:875,0
DA:876,0
DA:877,0
DA:878,0
DA:879,0
DA:881,0
DA:882,0
DA:883,0
DA:885,0
DA:886,0
DA:887,0
DA:890,0
DA:891,0
DA:895,0
DA:896,0
DA:897,0
DA:898,0
DA:899,0
DA:900,0
DA:902,0
DA:903,0
DA:904,0
DA:909,0
DA:910,0
DA:911,0
DA:912,0
DA:914,0
DA:915,0
DA:916,0
DA:917,0
DA:920,0
DA:921,0
DA:922,0
DA:923,0
DA:926,0
DA:927,0
DA:928,0
DA:934,0
DA:935,0
DA:936,0
DA:937,0
DA:938,0
DA:939,0
DA:940,0
DA:943,0
DA:944,0
DA:945,0
DA:946,0
DA:950,0
DA:951,0
DA:952,0
DA:953,0
DA:954,0
DA:955,0
DA:960,0
DA:961,0
DA:962,0
DA:963,0
DA:964,0
DA:969,0
DA:975,0
DA:976,0
DA:981,0
DA:982,0
DA:985,1
DA:986,3
DA:991,0
DA:995,0
DA:996,0
DA:998,0
DA:999,0
DA:1001,0
DA:1002,0
DA:1006,0
DA:1009,0
DA:1010,0
DA:1011,0
DA:1014,0
DA:1015,0
DA:1016,0
DA:1017,0
DA:1018,0
DA:1020,0
DA:1021,0
DA:1022,0
DA:1025,0
DA:1026,0
DA:1029,0
DA:1030,0
DA:1031,0
DA:1032,0
DA:1033,0
DA:1036,0
DA:1037,0
DA:1040,0
DA:1041,0
DA:1042,0
DA:1043,0
DA:1044,0
DA:1045,0
DA:1046,0
DA:1047,0
DA:1051,0
DA:1052,0
DA:1053,0
DA:1054,0
DA:1057,0
DA:1058,0
DA:1059,0
DA:1066,1
DA:1067,2
DA:1068,5
DA:1071,5
DA:1072,10
DA:1073,10
DA:1074,5
DA:1075,5
DA:1076,5
DA:1078,15
DA:1080,0
DA:1082,15
DA:1083,10
DA:1085,5
DA:1088,0
DA:1089,0
DA:1090,0
DA:1092,0
DA:1093,0
DA:1094,0
DA:1096,0
DA:1097,0
DA:1099,0
DA:1102,0
DA:1104,0
DA:1105,0
DA:1106,0
DA:1107,0
DA:1110,0
DA:1111,0
DA:1112,0
DA:1118,0
DA:1120,0
DA:1121,0
DA:1123,0
DA:1124,0
DA:1126,0
DA:1129,0
DA:1131,0
DA:1132,0
DA:1133,0
DA:1134,0
DA:1137,0
DA:1138,0
DA:1139,0
DA:1145,0
DA:1146,0
DA:1147,0
DA:1149,0
DA:1150,0
DA:1151,0
DA:1153,0
DA:1154,0
DA:1155,0
DA:1156,0
DA:1157,0
DA:1160,0
DA:1161,0
DA:1162,0
DA:1168,0
DA:1169,0
DA:1170,0
DA:1173,0
DA:1174,0
DA:1175,0
DA:1176,0
DA:1177,0
DA:1180,0
DA:1181,0
DA:1182,0
DA:1188,0
DA:1189,0
DA:1190,0
DA:1192,0
DA:1193,0
DA:1194,0
DA:1195,0
DA:1196,0
DA:1200,0
DA:1201,0
DA:1202,0
DA:1203,0
DA:1206,0
DA:1207,0
DA:1208,0
DA:1214,0
DA:1216,0
DA:1217,0
DA:1219,0
DA:1220,0
DA:1224,0
DA:1225,0
DA:1226,0
DA:1227,0
DA:1230,0
DA:1231,0
DA:1232,0
DA:1243,0
DA:1244,0
DA:1246,0
DA:1247,0
DA:1250,0
DA:1251,0
DA:1254,0
DA:1255,0
DA:1256,0
DA:1257,0
DA:1261,0
LF:685
LH:81
end_of_record
SF:lib\providers\shortcuts_provider.dart
DA:11,3
DA:12,3
DA:16,3
DA:17,9
DA:21,0
DA:22,0
DA:26,0
DA:27,0
DA:28,0
DA:29,0
DA:33,0
DA:34,0
DA:35,0
DA:36,0
DA:40,0
DA:41,0
DA:42,0
DA:43,0
DA:47,0
DA:48,0
DA:49,0
DA:50,0
DA:57,0
DA:58,0
DA:59,0
DA:60,0
DA:62,0
DA:66,0
DA:68,0
DA:69,0
DA:71,0
DA:72,0
DA:73,0
DA:77,0
DA:78,0
DA:85,0
DA:87,0
DA:92,0
DA:93,0
DA:101,3
DA:102,3
DA:103,3
DA:106,0
DA:109,3
DA:110,3
DA:114,0
DA:115,0
DA:116,0
DA:117,0
DA:121,0
DA:124,0
DA:125,0
DA:126,0
DA:127,0
DA:128,0
LF:55
LH:9
end_of_record
SF:lib\providers\theme_provider.dart
DA:22,4
DA:23,4
DA:24,4
DA:25,0
DA:26,0
DA:28,2
DA:29,2
DA:33,0
DA:34,0
DA:35,0
DA:36,0
DA:37,0
DA:41,0
DA:42,0
DA:43,0
DA:44,0
DA:45,0
DA:49,0
DA:50,0
DA:51,0
DA:52,0
DA:56,0
DA:57,0
DA:60,0
DA:61,0
DA:62,0
DA:63,0
DA:65,0
DA:66,0
DA:67,0
DA:68,0
DA:70,0
DA:71,0
DA:72,0
DA:73,0
DA:75,0
DA:80,0
DA:81,0
DA:85,0
DA:86,0
DA:90,0
DA:91,0
DA:92,0
DA:93,0
DA:94,0
DA:95,0
DA:100,0
DA:102,0
DA:104,0
DA:105,0
DA:106,0
DA:107,0
DA:110,0
DA:113,0
DA:116,0
DA:119,0
DA:120,0
DA:121,0
DA:125,0
DA:126,0
DA:134,0
DA:135,0
DA:136,0
DA:141,0
DA:143,0
DA:147,0
DA:151,0
DA:152,0
DA:154,0
DA:155,0
DA:162,2
DA:164,2
DA:166,2
DA:168,0
DA:171,2
DA:173,0
DA:176,2
DA:178,0
DA:181,2
DA:183,0
DA:184,0
DA:185,0
DA:190,0
DA:193,2
DA:194,2
DA:198,0
DA:200,0
DA:201,0
DA:202,0
DA:203,0
DA:204,0
DA:206,0
LF:92
LH:13
end_of_record
SF:lib\providers\locale_provider.dart
DA:9,6
DA:10,0
DA:11,12
DA:13,3
DA:14,3
DA:18,1
DA:19,1
DA:20,1
DA:21,1
DA:25,0
DA:26,0
DA:27,0
DA:29,0
DA:34,3
DA:36,3
DA:37,3
DA:38,2
DA:39,4
DA:43,0
DA:45,3
DA:46,3
DA:50,1
DA:52,1
DA:53,3
LF:24
LH:18
end_of_record
SF:lib\services\collaboration_service.dart
DA:84,0
DA:85,3
DA:86,0
DA:87,2
DA:100,0
DA:101,0
DA:102,0
DA:103,0
DA:104,0
DA:105,0
DA:106,0
DA:107,1
DA:108,2
DA:110,9
DA:111,6
DA:112,9
DA:113,0
DA:114,0
DA:115,4
DA:116,4
DA:117,2
DA:118,4
DA:119,6
DA:123,1
DA:124,1
DA:125,1
DA:126,1
DA:127,3
DA:128,1
DA:129,1
DA:130,1
DA:131,0
DA:133,2
DA:134,1
DA:138,3
DA:143,3
DA:144,3
DA:145,3
DA:146,3
DA:147,3
DA:152,4
DA:154,2
DA:156,2
DA:157,2
DA:158,0
DA:160,6
DA:163,2
DA:166,4
DA:167,4
DA:168,6
DA:169,4
DA:170,2
DA:175,0
DA:177,0
DA:178,0
DA:183,2
DA:184,8
DA:186,2
DA:187,4
DA:188,4
DA:189,2
DA:191,2
DA:192,2
DA:193,2
DA:195,2
DA:196,4
DA:197,4
DA:198,4
DA:199,4
DA:200,4
DA:201,4
DA:202,4
DA:203,4
DA:204,4
DA:205,4
DA:208,4
DA:209,4
DA:210,4
DA:211,4
DA:213,4
DA:215,2
DA:219,6
DA:220,2
DA:221,4
DA:222,2
DA:223,2
DA:225,8
DA:228,0
DA:229,0
DA:236,1
DA:237,3
DA:238,1
DA:240,1
DA:241,1
DA:242,2
DA:243,1
DA:247,0
DA:248,0
DA:249,0
DA:250,0
DA:254,2
DA:257,1
DA:258,2
DA:259,2
DA:260,1
DA:263,2
DA:264,1
DA:265,3
DA:266,3
DA:267,3
DA:268,2
DA:269,1
DA:270,4
DA:274,1
DA:278,0
DA:279,0
DA:287,2
DA:288,4
DA:289,4
DA:290,4
DA:292,1
DA:294,2
DA:295,1
DA:299,2
DA:300,6
DA:301,4
DA:302,6
DA:303,0
DA:305,4
DA:306,0
DA:309,2
DA:310,2
DA:313,2
DA:316,2
DA:319,8
DA:320,0
DA:321,0
DA:322,0
DA:324,4
DA:325,4
DA:326,2
DA:327,2
DA:329,4
DA:331,6
DA:333,2
DA:334,2
DA:335,4
DA:336,2
DA:338,1
DA:339,3
DA:341,0
DA:345,2
DA:346,2
DA:347,2
DA:352,8
DA:353,2
DA:354,5
DA:355,6
DA:356,6
DA:362,4
DA:363,2
DA:364,2
DA:366,2
DA:367,6
DA:371,2
DA:372,2
DA:373,0
DA:374,4
DA:375,1
DA:378,2
DA:379,2
DA:380,2
DA:381,0
DA:383,2
DA:388,2
DA:389,2
DA:390,2
DA:391,2
DA:392,6
DA:393,0
DA:395,4
DA:396,2
DA:397,4
DA:398,10
DA:399,0
DA:401,2
DA:402,6
DA:403,0
DA:405,4
DA:408,4
DA:409,2
DA:410,2
DA:411,1
DA:412,3
DA:417,4
DA:418,2
DA:419,1
DA:420,4
DA:421,1
DA:422,2
DA:425,1
DA:426,1
DA:427,1
DA:430,4
DA:431,0
DA:433,2
DA:434,2
DA:436,2
DA:437,2
DA:439,1
DA:440,1
DA:444,2
DA:447,2
DA:448,2
DA:449,2
DA:451,1
DA:452,1
DA:455,0
DA:456,0
DA:458,0
DA:464,2
DA:465,4
DA:466,2
DA:467,6
DA:468,6
DA:469,4
DA:470,6
DA:471,6
DA:472,2
DA:473,2
DA:476,6
DA:478,2
DA:479,2
DA:481,2
DA:484,6
DA:485,0
DA:487,4
DA:488,2
DA:489,2
DA:491,2
DA:493,4
DA:495,2
DA:498,1
DA:499,3
DA:501,0
DA:507,1
DA:508,1
DA:509,0
DA:511,1
DA:512,5
DA:513,1
DA:514,1
DA:518,3
DA:520,1
DA:521,2
DA:522,1
DA:524,1
DA:525,1
DA:526,2
DA:527,2
DA:528,2
DA:530,4
DA:531,2
DA:533,0
DA:537,1
DA:538,1
DA:539,0
DA:541,2
DA:542,3
DA:544,5
DA:549,1
DA:550,1
DA:551,0
DA:552,2
DA:553,0
DA:556,1
DA:557,1
DA:558,2
DA:559,2
DA:560,0
DA:563,2
DA:564,2
DA:566,6
DA:567,2
DA:569,1
DA:572,3
DA:574,6
DA:576,2
DA:578,2
DA:581,0
DA:585,1
DA:586,1
DA:587,0
DA:589,3
DA:593,1
DA:594,1
DA:595,2
DA:596,1
DA:598,0
DA:601,1
DA:602,2
DA:603,6
DA:604,0
DA:605,2
DA:606,5
DA:607,2
DA:608,2
DA:609,2
DA:610,1
DA:611,2
DA:613,0
DA:618,0
DA:619,0
DA:620,0
DA:621,0
DA:623,0
DA:626,0
DA:627,0
DA:628,0
DA:630,0
DA:636,4
DA:637,4
DA:638,3
DA:641,2
DA:642,1
DA:643,1
DA:649,2
DA:655,4
DA:656,2
DA:657,4
DA:660,4
DA:661,4
DA:662,4
DA:666,4
DA:667,2
DA:670,2
DA:671,2
DA:672,6
DA:673,4
DA:674,6
DA:675,2
DA:676,2
DA:678,4
DA:679,2
DA:680,4
DA:682,2
DA:683,2
DA:684,2
DA:685,4
DA:686,2
DA:689,4
DA:690,2
DA:691,2
DA:692,2
DA:693,2
DA:694,6
DA:697,2
DA:698,2
DA:699,4
DA:701,4
DA:702,2
DA:703,2
DA:704,2
DA:705,0
DA:706,0
DA:707,0
DA:711,2
DA:712,2
DA:713,2
DA:714,4
DA:717,2
DA:718,4
DA:722,0
DA:725,2
DA:729,2
DA:730,6
DA:731,2
DA:734,2
DA:736,4
DA:739,0
DA:742,2
DA:743,4
DA:744,0
DA:747,8
DA:748,2
DA:749,4
DA:750,1
DA:751,2
DA:755,1
DA:756,2
DA:757,2
DA:758,2
DA:759,1
DA:760,2
DA:761,2
DA:762,1
DA:763,2
DA:764,2
DA:765,4
DA:767,1
DA:770,1
DA:771,2
DA:772,1
DA:774,0
DA:775,0
DA:776,0
DA:778,1
DA:779,1
DA:780,2
DA:781,3
DA:782,2
DA:783,3
DA:787,1
DA:788,2
DA:789,1
DA:790,2
DA:793,0
DA:794,0
DA:796,2
DA:803,0
DA:804,0
DA:805,0
DA:807,0
DA:808,0
DA:809,0
DA:810,0
DA:811,0
DA:813,0
DA:816,1
DA:817,2
DA:818,0
DA:819,0
DA:821,2
DA:826,2
DA:827,4
DA:828,4
DA:829,10
DA:832,2
DA:833,6
DA:834,2
DA:835,2
DA:839,2
DA:840,4
DA:842,6
DA:846,2
DA:847,4
DA:851,2
DA:852,2
DA:853,4
DA:857,2
DA:858,8
DA:859,0
DA:860,4
DA:861,4
DA:862,10
DA:863,6
DA:864,6
DA:866,4
DA:868,2
DA:869,0
DA:870,0
DA:874,2
DA:877,2
DA:878,2
DA:883,2
DA:884,8
DA:885,4
DA:887,4
DA:888,4
DA:889,2
DA:890,4
DA:891,0
DA:893,4
DA:895,2
DA:896,2
DA:897,2
DA:900,4
DA:901,2
DA:902,2
DA:903,1
DA:904,2
DA:905,1
DA:906,2
DA:907,1
DA:908,1
DA:909,1
DA:910,1
DA:911,1
DA:913,2
DA:914,0
DA:915,2
DA:916,1
DA:919,0
DA:923,2
DA:928,2
DA:929,2
DA:930,2
DA:932,4
DA:936,2
DA:938,4
DA:941,6
DA:942,4
DA:943,4
DA:945,6
DA:946,4
DA:948,4
DA:951,2
DA:954,0
DA:962,1
DA:963,2
DA:964,1
DA:965,1
DA:966,0
DA:969,1
DA:970,2
DA:971,1
DA:972,1
DA:973,1
DA:978,1
DA:979,2
DA:980,1
DA:983,1
DA:986,1
DA:987,4
DA:991,1
DA:992,2
DA:993,1
DA:996,1
DA:1001,1
DA:1002,1
DA:1003,1
DA:1005,1
DA:1006,1
DA:1007,1
DA:1008,1
DA:1012,1
DA:1013,1
DA:1014,1
DA:1016,1
DA:1020,2
DA:1021,2
DA:1022,4
DA:1023,2
DA:1024,2
DA:1025,2
DA:1026,4
DA:1027,2
DA:1028,2
DA:1029,2
DA:1030,2
DA:1031,2
DA:1032,2
DA:1033,2
DA:1034,2
DA:1035,2
DA:1038,2
DA:1039,2
DA:1040,4
DA:1041,2
DA:1042,4
DA:1043,4
DA:1044,2
DA:1045,2
DA:1046,2
DA:1049,2
DA:1050,4
DA:1051,2
DA:1053,2
DA:1057,3
DA:1058,7
DA:1059,2
DA:1061,2
DA:1062,2
DA:1063,4
DA:1064,2
DA:1067,0
DA:1069,3
DA:1070,3
DA:1071,3
DA:1072,6
DA:1075,8
DA:1076,2
DA:1077,4
DA:1078,2
DA:1079,4
DA:1080,10
DA:1081,6
DA:1082,6
DA:1083,2
DA:1085,8
DA:1086,2
DA:1087,2
DA:1088,4
DA:1089,6
DA:1090,4
DA:1091,6
DA:1092,6
DA:1093,6
DA:1098,2
DA:1101,6
DA:1102,0
DA:1107,3
DA:1108,3
DA:1109,0
DA:1110,3
DA:1111,7
DA:1112,3
DA:1115,2
DA:1116,2
DA:1118,2
DA:1120,6
DA:1122,2
DA:1126,2
DA:1127,8
DA:1130,2
DA:1131,4
DA:1132,4
DA:1137,2
DA:1138,2
DA:1141,2
DA:1142,2
DA:1143,2
DA:1144,2
DA:1145,2
DA:1146,2
DA:1147,4
DA:1148,4
DA:1150,3
DA:1155,2
DA:1159,2
DA:1160,2
DA:1161,4
DA:1163,0
DA:1166,2
DA:1167,6
DA:1168,2
DA:1169,4
DA:1173,4
DA:1174,2
DA:1177,2
DA:1180,2
DA:1183,2
DA:1186,6
DA:1187,2
DA:1188,4
DA:1193,4
DA:1194,4
DA:1195,2
DA:1197,4
DA:1198,2
DA:1201,2
DA:1204,2
DA:1205,2
DA:1208,2
DA:1209,4
DA:1210,2
DA:1213,2
DA:1214,6
DA:1215,6
DA:1217,2
DA:1218,0
DA:1223,2
DA:1224,2
DA:1225,6
DA:1226,8
DA:1227,2
DA:1233,2
DA:1234,2
DA:1235,2
DA:1236,4
DA:1237,0
DA:1239,2
DA:1240,2
DA:1252,2
DA:1253,2
DA:1254,2
DA:1255,6
DA:1256,2
DA:1257,2
DA:1258,4
DA:1259,6
DA:1260,2
DA:1261,2
DA:1265,2
DA:1267,2
DA:1270,4
DA:1277,2
DA:1278,2
DA:1280,2
DA:1288,2
DA:1289,4
DA:1292,2
DA:1293,2
DA:1295,6
DA:1298,4
DA:1301,2
DA:1302,4
DA:1303,6
DA:1306,2
DA:1307,2
DA:1308,2
DA:1309,6
DA:1310,6
DA:1311,4
DA:1312,6
DA:1313,6
DA:1314,4
DA:1316,2
DA:1319,2
DA:1320,6
DA:1321,6
DA:1325,3
DA:1326,3
DA:1327,3
DA:1328,5
DA:1329,3
DA:1330,3
DA:1331,3
DA:1332,3
DA:1333,3
DA:1334,6
DA:1335,3
DA:1336,9
DA:1353,2
DA:1361,2
DA:1362,1
DA:1363,1
DA:1364,1
DA:1365,3
DA:1366,2
DA:1388,2
DA:1395,1
DA:1397,0
DA:1398,0
LF:734
LH:635
end_of_record
SF:lib\theme\app_theme.dart
DA:7,2
DA:15,2
DA:17,2
DA:23,2
DA:30,2
DA:54,2
DA:56,2
DA:57,2
DA:60,2
DA:61,2
DA:64,2
DA:65,2
DA:66,2
DA:73,2
DA:74,2
DA:77,4
DA:80,2
DA:87,2
DA:88,2
DA:90,2
DA:91,2
DA:92,2
DA:95,2
DA:102,2
DA:103,2
DA:105,2
DA:113,2
DA:114,4
DA:117,2
DA:119,4
DA:122,2
DA:123,4
DA:126,2
DA:128,2
DA:133,2
DA:139,2
DA:145,2
DA:148,2
DA:153,2
DA:158,2
DA:165,2
DA:166,2
DA:168,2
DA:170,2
DA:186,2
DA:194,2
DA:196,2
DA:202,2
DA:209,2
DA:233,2
DA:235,2
DA:236,2
DA:239,2
DA:240,2
DA:243,2
DA:244,2
DA:245,2
DA:252,2
DA:253,2
DA:256,4
DA:259,2
DA:266,2
DA:267,2
DA:269,2
DA:270,2
DA:271,2
DA:274,2
DA:282,2
DA:283,4
DA:286,2
DA:288,4
DA:291,2
DA:292,4
DA:295,2
DA:297,2
DA:302,2
DA:308,2
DA:314,2
DA:317,2
DA:322,2
DA:327,2
DA:334,2
DA:335,2
DA:337,2
DA:339,2
DA:355,2
DA:357,2
DA:359,2
DA:363,2
DA:370,2
DA:372,2
DA:374,2
DA:378,2
LF:93
LH:93
end_of_record
SF:lib\models\chart_data.dart
DA:26,3
DA:45,1
DA:46,6
DA:48,4
DA:49,2
DA:50,2
DA:51,2
DA:52,2
DA:55,2
DA:56,2
DA:57,2
DA:58,2
DA:59,8
DA:68,4
DA:69,4
DA:70,4
DA:77,3
DA:82,8
DA:84,4
DA:85,4
DA:86,2
DA:87,6
DA:88,2
DA:94,2
DA:108,0
DA:111,1
DA:113,2
DA:114,2
DA:115,1
DA:116,1
DA:122,1
DA:123,4
DA:124,3
DA:125,3
DA:126,1
DA:130,6
DA:132,4
DA:133,4
DA:134,2
DA:135,2
DA:136,10
DA:137,4
DA:140,2
DA:142,2
DA:143,2
DA:149,2
DA:150,4
DA:151,2
DA:152,2
DA:153,6
DA:154,0
DA:156,4
DA:157,2
DA:158,6
DA:159,2
DA:160,2
DA:161,8
DA:162,2
DA:163,2
DA:164,4
DA:169,1
DA:178,1
DA:180,1
LF:63
LH:61
end_of_record
SF:lib\models\comment.dart
DA:20,1
DA:32,1
DA:37,1
DA:38,1
DA:39,1
DA:40,1
DA:41,1
DA:42,1
DA:43,1
DA:44,1
DA:45,1
DA:46,1
DA:50,2
DA:51,2
DA:52,2
DA:53,2
DA:54,2
DA:55,2
DA:56,4
DA:57,2
DA:58,3
DA:59,3
DA:62,2
DA:63,2
DA:64,2
DA:65,2
DA:66,2
DA:67,2
DA:68,1
DA:69,2
DA:70,1
DA:71,2
DA:72,2
DA:73,2
DA:76,3
DA:78,1
DA:80,2
DA:82,1
LF:38
LH:38
end_of_record
SF:lib\models\custom_show.dart
DA:15,2
DA:21,1
DA:22,1
DA:23,1
DA:24,0
DA:25,0
DA:29,2
DA:30,4
DA:31,1
DA:33,2
DA:34,1
DA:35,1
DA:36,1
DA:39,2
DA:40,2
DA:41,2
DA:42,1
DA:43,3
DA:44,1
DA:47,3
DA:49,1
DA:51,1
DA:52,2
DA:57,0
DA:59,0
DA:61,0
DA:62,0
DA:67,0
DA:69,1
DA:71,1
DA:72,1
DA:74,1
DA:75,1
DA:76,1
DA:82,1
DA:83,5
DA:86,1
DA:87,1
DA:89,2
DA:94,1
DA:95,1
DA:96,1
DA:97,1
DA:99,1
DA:101,1
LF:45
LH:38
end_of_record
SF:lib\models\drawn_shape.dart
DA:14,8
DA:59,4
DA:60,4
DA:61,4
DA:62,2
DA:63,1
DA:64,1
DA:65,1
DA:66,1
DA:70,3
DA:81,3
DA:82,3
DA:83,3
DA:84,10
DA:85,3
DA:86,3
DA:87,2
DA:88,2
DA:89,2
DA:90,2
DA:91,3
DA:92,3
DA:93,3
DA:94,3
DA:95,3
DA:96,3
DA:97,3
DA:100,8
DA:101,8
DA:102,12
DA:103,32
DA:104,10
DA:105,12
DA:106,10
DA:107,8
DA:108,10
DA:109,10
DA:110,8
DA:111,8
DA:112,8
DA:113,8
DA:114,8
DA:115,8
DA:116,11
DA:119,12
DA:120,12
DA:121,18
DA:122,12
DA:123,12
DA:124,12
DA:125,12
DA:126,8
DA:127,10
DA:128,8
DA:129,7
DA:130,8
DA:131,8
DA:132,8
DA:133,7
DA:134,12
DA:135,2
DA:136,6
DA:137,6
DA:138,6
DA:139,6
DA:140,12
DA:143,3
DA:145,1
DA:147,1
DA:148,1
DA:149,1
DA:156,2
DA:157,4
DA:158,2
DA:159,4
DA:160,2
DA:161,2
DA:162,4
DA:164,0
DA:166,0
DA:167,0
DA:168,0
DA:172,2
DA:173,2
DA:174,2
DA:178,1
DA:179,4
DA:180,1
DA:184,0
DA:185,0
DA:188,0
DA:189,0
DA:193,0
DA:194,0
DA:195,0
DA:196,0
DA:200,0
DA:207,8
DA:208,4
DA:209,4
DA:210,6
DA:214,0
DA:216,0
DA:217,0
DA:218,0
DA:219,0
DA:220,0
DA:223,0
DA:224,0
DA:225,0
DA:228,0
DA:230,0
DA:231,0
DA:235,2
DA:240,2
DA:241,4
DA:242,8
DA:243,4
DA:244,8
DA:245,2
DA:255,1
DA:256,1
DA:257,2
DA:258,1
DA:263,1
DA:264,1
DA:265,3
DA:267,3
DA:268,2
DA:269,2
DA:270,8
DA:271,3
DA:272,4
DA:273,1
DA:274,2
DA:275,1
DA:276,1
DA:277,2
DA:278,1
DA:279,1
DA:280,2
DA:283,1
DA:284,4
DA:285,1
DA:286,2
DA:287,2
DA:290,1
DA:291,0
DA:292,0
DA:293,0
DA:296,1
DA:297,0
DA:298,0
DA:299,0
DA:302,1
DA:303,4
DA:304,2
DA:305,2
DA:308,2
DA:311,1
DA:312,4
DA:313,2
DA:314,2
DA:317,2
DA:320,1
DA:321,4
DA:322,2
DA:323,2
DA:326,2
DA:329,1
DA:330,4
DA:331,1
DA:332,2
DA:333,2
DA:336,1
DA:341,3
DA:342,3
DA:343,1
DA:344,6
DA:350,1
DA:351,1
DA:352,1
DA:353,3
DA:354,1
DA:355,3
DA:356,3
DA:357,4
DA:359,1
DA:360,1
DA:365,1
DA:366,4
DA:368,1
DA:370,3
DA:373,0
DA:374,0
DA:381,2
DA:385,0
DA:386,0
LF:198
LH:163
end_of_record
SF:lib\models\shape_effect.dart
DA:61,2
DA:82,4
DA:83,28
DA:84,24
DA:88,1
DA:108,1
DA:109,1
DA:110,1
DA:111,1
DA:112,1
DA:113,1
DA:114,1
DA:115,1
DA:116,1
DA:117,1
DA:118,1
DA:119,1
DA:120,1
DA:121,1
DA:122,1
DA:123,1
DA:124,1
DA:125,1
DA:126,1
DA:130,1
DA:132,1
DA:133,2
DA:135,1
DA:137,2
DA:138,0
DA:151,3
DA:152,3
DA:154,12
DA:155,12
DA:156,12
DA:157,3
DA:158,5
DA:159,3
DA:161,3
DA:162,0
DA:163,0
DA:165,6
DA:166,0
DA:169,0
DA:171,18
DA:172,1
DA:173,7
DA:175,3
DA:179,1
DA:180,1
DA:181,1
DA:182,5
DA:183,1
DA:184,8
DA:186,2
DA:187,0
DA:189,1
DA:190,0
DA:192,1
DA:200,4
DA:201,4
DA:202,4
DA:203,3
DA:204,3
DA:205,3
DA:206,2
DA:207,2
DA:208,3
DA:211,4
DA:212,4
DA:213,1
DA:214,3
DA:216,4
DA:217,0
DA:218,0
DA:219,0
DA:221,8
DA:222,4
DA:223,2
DA:225,4
DA:226,2
DA:230,4
DA:231,10
DA:232,2
DA:233,1
DA:238,2
DA:239,2
DA:241,1
DA:242,1
DA:243,1
DA:244,1
DA:245,1
DA:247,4
DA:248,2
DA:250,1
DA:251,1
DA:252,1
DA:254,4
DA:255,6
DA:256,6
DA:257,5
DA:260,6
DA:262,2
DA:263,1
DA:264,1
DA:265,2
DA:266,2
DA:267,2
DA:268,2
DA:269,2
DA:270,2
DA:271,2
DA:272,2
DA:273,2
DA:274,2
DA:275,2
DA:276,2
DA:277,2
DA:278,2
DA:279,2
DA:280,4
DA:281,5
DA:282,5
DA:286,0
DA:288,0
DA:289,0
DA:291,0
DA:297,1
DA:298,4
DA:301,1
DA:302,1
DA:303,1
DA:304,1
DA:305,1
DA:306,1
DA:307,1
DA:308,1
DA:309,1
DA:310,0
DA:311,0
DA:312,0
LF:141
LH:124
end_of_record
SF:lib\models\export_options.dart
DA:65,72
DA:66,39
DA:67,39
DA:113,0
DA:160,1
DA:161,1
DA:162,0
DA:165,2
DA:167,4
DA:168,1
DA:169,1
DA:170,1
DA:175,5
DA:176,1
DA:177,5
DA:179,2
DA:183,4
LF:17
LH:15
end_of_record
SF:lib\models\ppt_theme_setting.dart
DA:8,2
DA:45,1
DA:46,1
DA:47,1
DA:48,1
DA:49,2
DA:50,2
DA:51,1
DA:52,1
DA:53,1
DA:54,1
DA:55,1
DA:56,1
DA:57,1
DA:58,1
DA:62,0
DA:76,0
DA:77,0
DA:78,0
DA:79,0
DA:80,0
DA:81,0
DA:82,0
DA:83,0
DA:84,0
DA:85,0
DA:86,0
DA:87,0
DA:88,0
DA:92,2
DA:93,1
DA:94,1
DA:95,1
DA:96,1
DA:97,1
DA:98,1
DA:99,1
DA:100,1
DA:101,1
DA:102,1
DA:103,1
DA:104,1
DA:107,1
DA:108,1
DA:109,1
DA:110,2
DA:113,1
DA:114,1
DA:115,1
DA:116,1
DA:117,1
DA:118,1
DA:119,1
DA:120,1
DA:121,1
DA:122,1
DA:123,1
DA:124,1
DA:125,1
DA:131,1
DA:132,3
DA:133,2
DA:134,1
LF:63
LH:49
end_of_record
SF:lib\models\free_shape.dart
DA:13,2
DA:53,0
DA:73,0
DA:74,0
DA:75,0
DA:76,0
DA:77,0
DA:78,0
DA:79,0
DA:80,0
DA:81,0
DA:82,0
DA:83,0
DA:84,0
DA:85,0
DA:86,0
DA:87,0
DA:88,0
DA:89,0
DA:90,0
DA:91,0
DA:94,2
DA:95,2
DA:96,2
DA:97,2
DA:98,2
DA:99,2
DA:100,2
DA:101,4
DA:102,4
DA:103,4
DA:104,2
DA:105,4
DA:106,2
DA:107,4
DA:108,4
DA:109,2
DA:110,2
DA:111,2
DA:112,4
DA:115,2
DA:116,2
DA:117,2
DA:118,2
DA:119,2
DA:120,2
DA:121,2
DA:122,2
DA:123,2
DA:124,2
DA:125,1
DA:126,2
DA:127,1
DA:128,2
DA:129,2
DA:130,1
DA:131,1
DA:132,2
DA:133,2
DA:136,3
DA:138,1
DA:140,1
DA:141,1
DA:142,1
DA:150,1
DA:151,2
DA:152,2
DA:153,0
DA:154,0
DA:155,1
DA:156,2
DA:157,2
DA:158,3
DA:159,2
DA:160,2
DA:161,2
DA:162,1
DA:164,2
DA:167,1
DA:168,1
DA:169,1
DA:170,1
DA:171,1
LF:83
LH:61
end_of_record
SF:lib\services\wordart_service.dart
DA:9,0
DA:39,2
DA:42,1
DA:43,6
DA:46,1
DA:47,6
DA:50,1
DA:52,1
DA:54,1
DA:56,1
DA:64,1
DA:66,1
DA:68,1
DA:70,1
DA:81,1
LF:15
LH:14
end_of_record
SF:lib\models\guide_settings.dart
DA:11,2
DA:17,0
DA:18,0
DA:19,0
DA:20,0
DA:23,1
DA:24,4
DA:26,2
DA:27,2
DA:28,2
DA:29,2
DA:44,2
DA:54,0
DA:63,0
DA:64,0
DA:65,0
DA:66,0
DA:67,0
DA:68,0
DA:69,0
DA:70,0
DA:73,2
DA:74,3
DA:75,1
DA:76,1
DA:77,1
DA:78,1
DA:79,1
DA:80,1
DA:83,2
DA:84,2
DA:85,1
DA:86,2
DA:87,2
DA:88,1
DA:89,0
DA:92,2
DA:93,2
DA:94,2
DA:95,2
DA:96,2
DA:97,2
LF:42
LH:28
end_of_record
SF:lib\models\icon_item.dart
DA:12,2
DA:35,0
DA:42,0
DA:43,0
DA:44,0
DA:45,0
DA:46,0
DA:47,0
DA:50,2
DA:51,2
DA:52,2
DA:53,2
DA:54,4
DA:55,4
DA:59,1
DA:60,1
DA:61,1
DA:62,1
DA:64,1
DA:67,1
DA:69,1
DA:70,1
DA:71,1
DA:72,2
DA:73,2
DA:74,2
DA:75,2
DA:76,2
DA:83,3
LF:29
LH:22
end_of_record
SF:lib\models\layer.dart
DA:31,1
DA:41,1
DA:42,1
DA:43,1
DA:44,1
DA:45,1
DA:46,1
DA:47,1
DA:48,1
DA:49,1
DA:52,2
DA:53,1
DA:54,1
DA:55,1
DA:56,1
DA:57,1
DA:58,1
DA:59,1
DA:62,2
DA:63,2
DA:64,2
DA:65,2
DA:66,2
DA:67,2
DA:68,2
DA:69,2
LF:26
LH:26
end_of_record
SF:lib\models\media_item.dart
DA:11,2
DA:17,4
DA:19,2
DA:20,2
DA:21,2
DA:27,2
DA:68,4
DA:70,1
DA:81,1
DA:82,1
DA:83,1
DA:84,1
DA:85,1
DA:86,1
DA:87,1
DA:88,1
DA:89,1
DA:90,1
DA:93,2
DA:94,4
DA:95,4
DA:96,4
DA:97,4
DA:98,2
DA:99,2
DA:100,3
DA:101,4
DA:102,2
DA:103,6
DA:106,1
DA:108,1
DA:109,1
DA:110,1
DA:116,1
DA:117,1
DA:118,1
DA:119,2
DA:120,2
DA:121,2
DA:122,2
DA:123,2
DA:124,2
DA:125,2
DA:126,2
DA:127,1
DA:129,1
DA:130,4
DA:131,1
DA:136,3
DA:138,0
LF:50
LH:49
end_of_record
SF:lib\models\model3d_item.dart
DA:11,2
DA:32,1
DA:38,1
DA:39,1
DA:40,1
DA:41,1
DA:42,1
DA:45,2
DA:46,4
DA:47,4
DA:48,2
DA:49,4
DA:52,1
DA:54,1
DA:55,1
DA:56,1
DA:57,2
DA:58,2
DA:59,2
DA:60,2
DA:67,3
DA:69,0
LF:22
LH:21
end_of_record
SF:lib\models\object_animation.dart
DA:80,4
DA:94,2
DA:108,2
DA:109,1
DA:110,2
DA:111,2
DA:112,2
DA:113,2
DA:114,2
DA:115,2
DA:116,2
DA:117,1
DA:118,2
DA:119,2
DA:122,6
DA:123,6
DA:124,9
DA:125,9
DA:126,6
DA:127,6
DA:128,6
DA:129,6
DA:130,9
DA:131,5
DA:132,3
DA:133,2
DA:134,3
DA:136,5
DA:139,4
DA:142,12
DA:148,12
DA:154,12
DA:158,4
DA:159,4
DA:160,1
DA:161,1
DA:162,1
DA:163,1
DA:164,2
DA:165,2
DA:169,4
DA:170,8
DA:173,8
DA:174,8
DA:175,8
DA:176,8
DA:178,5
DA:179,1
DA:180,5
LF:49
LH:49
end_of_record
SF:lib\models\slide.dart
DA:126,16
DA:145,28
DA:164,9
DA:186,9
DA:187,9
DA:188,8
DA:189,9
DA:190,9
DA:191,9
DA:192,9
DA:193,9
DA:194,8
DA:195,9
DA:199,18
DA:200,17
DA:201,9
DA:202,9
DA:205,18
DA:206,9
DA:207,9
DA:208,9
DA:209,9
DA:213,8
DA:214,8
DA:215,16
DA:216,16
DA:217,18
DA:218,11
DA:219,16
DA:220,8
DA:221,8
DA:222,16
DA:223,10
DA:224,16
DA:225,20
DA:226,18
DA:227,9
DA:228,18
DA:229,16
DA:230,16
DA:231,16
DA:232,8
DA:236,10
DA:238,10
DA:239,11
DA:241,1
DA:246,10
DA:247,10
DA:248,0
DA:249,10
DA:251,10
DA:252,10
DA:254,8
DA:255,0
DA:256,8
DA:259,10
DA:260,10
DA:262,10
DA:263,0
DA:264,10
DA:266,10
DA:267,20
DA:268,20
DA:269,20
DA:271,20
DA:272,10
DA:273,4
DA:274,10
DA:275,10
DA:276,18
DA:277,20
DA:280,11
DA:281,20
DA:283,10
DA:284,10
DA:285,10
DA:286,20
LF:77
LH:74
end_of_record
SF:lib\models\slide_layout.dart
DA:24,1
DA:233,0
DA:234,0
DA:238,0
DA:240,0
DA:247,0
DA:250,0
DA:251,0
DA:252,0
DA:253,0
DA:254,0
DA:255,0
DA:256,0
DA:257,0
DA:259,0
DA:260,0
DA:263,0
DA:264,0
DA:265,0
DA:267,0
DA:268,0
DA:269,0
DA:271,0
DA:272,0
DA:273,0
DA:275,0
DA:276,0
DA:277,0
DA:278,0
DA:279,0
DA:280,0
DA:282,0
DA:283,0
DA:284,0
DA:285,0
DA:286,0
DA:287,0
DA:289,0
DA:290,0
DA:292,0
DA:293,0
DA:294,0
DA:295,0
DA:296,0
DA:297,0
DA:299,0
DA:300,0
DA:301,0
DA:302,0
DA:303,0
DA:304,0
DA:308,0
DA:309,0
DA:312,0
DA:313,0
DA:314,0
DA:316,0
DA:318,0
DA:354,1
LF:59
LH:2
end_of_record
SF:lib\models\slide_template.dart
DA:40,4
DA:41,4
DA:43,4
DA:54,1
DA:55,1
DA:56,1
DA:57,1
DA:58,1
DA:59,1
DA:60,2
DA:61,2
DA:62,2
DA:63,1
DA:67,1
DA:68,1
DA:69,1
DA:70,1
DA:71,1
DA:72,1
DA:73,1
DA:74,4
DA:75,1
DA:77,2
DA:81,1
DA:82,2
DA:83,1
DA:86,1
LF:27
LH:27
end_of_record
SF:lib\models\smartart.dart
DA:68,6
DA:73,1
DA:79,2
DA:80,2
DA:81,2
DA:82,3
DA:85,2
DA:86,2
DA:87,2
DA:88,2
DA:94,1
DA:107,1
DA:108,1
DA:109,1
DA:110,2
DA:111,2
DA:112,1
DA:113,2
DA:118,1
DA:122,1
DA:123,6
DA:125,1
DA:131,1
DA:132,1
DA:133,1
DA:134,1
DA:135,1
DA:140,1
DA:141,1
DA:143,3
DA:145,2
DA:146,2
DA:147,1
DA:148,2
DA:149,5
DA:152,1
DA:154,2
DA:160,1
DA:161,2
DA:162,1
DA:163,1
DA:164,3
DA:165,0
DA:167,2
DA:168,1
DA:169,4
DA:170,0
DA:172,1
DA:173,4
DA:174,1
DA:179,1
DA:180,1
DA:181,1
DA:182,1
DA:183,1
DA:184,1
DA:187,1
DA:190,1
DA:191,2
DA:192,2
LF:60
LH:58
end_of_record
SF:lib\models\user_profile.dart
DA:17,2
DA:24,0
DA:31,0
DA:32,0
DA:33,0
DA:34,0
DA:37,0
DA:41,2
DA:42,2
DA:43,2
DA:44,2
DA:45,1
DA:48,2
DA:49,2
DA:50,2
DA:51,2
DA:52,1
DA:55,3
DA:57,1
DA:59,2
DA:66,1
DA:67,1
DA:68,1
DA:69,1
DA:73,1
DA:74,1
DA:75,2
LF:27
LH:21
end_of_record
SF:lib\services\setup_show_service.dart
DA:30,2
DA:40,1
DA:49,1
DA:50,0
DA:51,1
DA:53,1
DA:54,1
DA:55,0
DA:56,1
DA:57,1
DA:60,2
DA:61,3
DA:62,2
DA:63,2
DA:64,2
DA:65,4
DA:66,2
DA:67,2
DA:70,1
DA:71,1
DA:72,3
DA:73,2
DA:74,2
DA:75,2
DA:76,2
DA:77,2
DA:78,2
DA:81,3
DA:83,1
DA:85,1
DA:86,2
DA:92,3
LF:32
LH:30
end_of_record
SF:lib\services\shape_engine.dart
DA:17,0
DA:20,3
DA:21,2
DA:22,1
DA:25,4
DA:33,4
DA:34,8
DA:35,8
DA:36,12
DA:37,8
DA:38,0
DA:39,0
DA:40,8
DA:41,0
DA:42,8
DA:43,0
DA:44,0
DA:46,0
DA:47,4
DA:49,4
DA:52,8
DA:53,8
DA:57,16
DA:58,2
DA:59,1
DA:60,3
DA:62,4
DA:65,4
DA:66,12
DA:82,1
DA:84,2
DA:85,2
DA:86,1
DA:87,1
DA:88,1
DA:89,2
DA:90,1
DA:92,3
DA:95,1
DA:96,3
DA:97,2
DA:98,3
DA:100,1
DA:102,3
DA:103,1
DA:104,4
DA:105,2
DA:108,2
DA:109,2
DA:110,2
DA:112,7
DA:113,1
DA:114,2
DA:115,4
DA:116,1
DA:117,2
DA:118,1
DA:119,2
DA:120,2
DA:122,1
DA:123,2
DA:124,2
DA:125,2
DA:127,4
DA:130,1
DA:131,4
DA:132,2
DA:133,3
DA:135,4
DA:138,1
DA:139,0
DA:140,0
DA:142,0
DA:145,1
DA:146,0
DA:147,0
DA:149,0
DA:152,1
DA:153,0
DA:154,0
DA:155,0
DA:156,0
DA:157,0
DA:158,0
DA:159,0
DA:160,0
DA:161,0
DA:162,0
DA:167,1
DA:168,0
DA:169,0
DA:170,0
DA:171,0
DA:172,0
DA:173,0
DA:174,0
DA:175,0
DA:176,0
DA:177,0
DA:182,1
DA:183,0
DA:184,0
DA:185,0
DA:186,0
DA:187,0
DA:189,0
DA:190,0
DA:191,0
DA:192,0
DA:193,0
DA:194,0
DA:195,0
DA:200,1
DA:201,0
DA:202,0
DA:203,0
DA:204,0
DA:205,0
DA:206,0
DA:207,0
DA:208,0
DA:209,0
DA:210,0
DA:211,0
DA:212,0
DA:217,1
DA:218,1
DA:223,1
DA:225,1
DA:226,1
DA:230,0
DA:231,0
DA:232,0
DA:233,0
DA:234,0
DA:235,0
DA:238,0
DA:239,0
DA:241,0
DA:242,0
DA:251,1
DA:252,1
DA:255,1
DA:256,1
DA:259,1
DA:260,1
DA:261,2
DA:266,1
DA:267,1
DA:273,1
DA:274,3
DA:275,1
DA:276,1
DA:278,2
DA:279,0
DA:286,2
DA:287,2
DA:288,3
DA:289,3
DA:290,3
DA:291,3
DA:294,1
DA:295,1
DA:296,2
DA:297,0
DA:302,2
DA:303,7
DA:304,1
DA:305,1
DA:315,6
DA:316,1
DA:317,3
DA:318,3
DA:319,2
DA:321,3
DA:322,4
DA:323,5
DA:329,4
DA:335,1
DA:336,2
DA:337,2
DA:338,8
DA:339,3
DA:340,8
DA:342,1
DA:345,1
DA:350,1
DA:351,1
DA:352,1
DA:353,1
DA:354,1
DA:356,3
DA:357,3
DA:362,1
DA:364,1
DA:365,1
DA:366,4
DA:368,1
DA:369,1
DA:370,1
DA:371,1
DA:372,1
DA:373,1
DA:374,1
DA:375,1
DA:384,1
DA:385,1
DA:386,1
DA:387,1
DA:388,3
DA:389,5
DA:390,7
DA:391,5
DA:393,1
DA:394,8
DA:395,4
DA:396,1
DA:397,2
DA:398,1
DA:399,6
DA:400,6
DA:403,0
DA:404,0
DA:405,0
DA:406,0
DA:407,0
DA:411,0
DA:412,0
DA:415,0
DA:416,0
DA:417,0
DA:418,0
DA:419,0
DA:421,0
DA:422,0
DA:423,0
DA:424,0
DA:425,0
DA:426,0
DA:427,0
DA:433,1
DA:434,1
DA:435,3
DA:437,3
DA:438,2
DA:439,2
DA:441,7
DA:442,1
DA:443,2
DA:444,4
DA:445,1
DA:446,2
DA:447,1
DA:448,1
DA:449,2
DA:450,1
DA:451,1
DA:452,2
DA:455,1
DA:456,4
DA:457,1
DA:458,2
DA:459,2
DA:462,1
DA:463,0
DA:464,0
DA:465,0
DA:468,1
DA:469,0
DA:470,0
DA:471,0
DA:474,1
DA:475,0
DA:476,0
DA:477,0
DA:479,0
DA:482,1
DA:483,0
DA:484,0
DA:485,0
DA:487,0
DA:490,1
DA:491,0
DA:492,0
DA:493,0
DA:495,0
DA:498,1
DA:499,0
DA:500,0
DA:501,0
DA:502,0
DA:505,1
DA:512,1
DA:513,1
DA:514,4
DA:520,1
DA:521,1
DA:529,1
DA:530,1
DA:531,7
DA:533,3
DA:534,1
DA:535,2
DA:537,1
DA:539,3
DA:540,4
DA:541,5
DA:546,4
DA:548,1
DA:551,1
DA:553,3
DA:554,1
DA:555,4
DA:556,8
DA:558,1
DA:561,1
DA:563,2
DA:564,2
DA:565,2
DA:567,5
DA:570,1
DA:572,5
DA:573,2
DA:574,7
DA:575,2
DA:576,8
DA:577,4
DA:578,1
DA:585,1
DA:586,3
DA:587,1
DA:588,3
DA:589,6
DA:590,1
DA:593,1
DA:594,1
DA:595,3
DA:596,1
DA:597,6
DA:598,1
DA:599,2
DA:600,5
DA:601,2
LF:343
LH:233
end_of_record
SF:lib\services\group_service.dart
DA:15,1
DA:24,0
DA:25,0
DA:26,0
DA:27,0
DA:28,0
DA:29,0
DA:30,0
DA:31,0
DA:34,2
DA:35,1
DA:36,1
DA:37,1
DA:38,1
DA:39,1
DA:40,1
DA:43,2
DA:44,2
DA:45,2
DA:46,2
DA:47,0
DA:48,2
DA:49,2
DA:50,2
DA:51,2
DA:57,0
DA:60,1
DA:63,2
DA:64,3
DA:65,3
DA:66,7
DA:67,7
DA:69,2
DA:73,1
DA:75,5
DA:76,1
DA:77,1
DA:78,3
DA:79,3
DA:89,1
DA:91,1
DA:92,1
DA:93,3
DA:94,5
DA:96,1
DA:102,0
DA:104,0
DA:105,0
DA:106,0
DA:107,0
DA:108,0
DA:109,0
DA:110,0
DA:111,0
DA:112,0
DA:113,0
DA:116,0
DA:125,1
DA:132,4
DA:133,4
DA:134,4
DA:135,4
DA:136,1
DA:137,1
DA:138,3
DA:139,2
DA:140,1
DA:141,2
DA:143,6
DA:144,6
DA:145,4
DA:146,4
DA:147,2
DA:148,1
DA:149,1
DA:156,1
DA:157,1
LF:77
LH:55
end_of_record
SF:lib\services\layer_service.dart
DA:14,0
DA:17,0
DA:20,3
DA:24,1
DA:25,1
DA:27,2
DA:28,1
DA:30,3
DA:31,1
DA:32,0
DA:33,0
DA:35,1
DA:36,1
DA:37,5
DA:38,2
DA:39,2
DA:40,1
DA:41,1
DA:43,3
DA:44,1
DA:49,2
DA:50,1
DA:52,0
DA:53,0
DA:54,0
DA:55,0
DA:57,0
DA:58,0
DA:59,0
DA:60,0
DA:61,0
DA:62,0
DA:64,0
DA:65,0
DA:71,2
DA:72,1
DA:73,1
DA:74,2
DA:75,1
DA:77,0
DA:79,1
DA:80,2
DA:82,3
DA:83,3
DA:85,3
DA:86,2
DA:87,0
DA:88,1
DA:89,1
DA:90,1
DA:99,1
DA:100,3
DA:103,1
DA:104,6
DA:107,1
DA:108,1
DA:109,1
DA:110,3
DA:111,3
LF:59
LH:41
end_of_record
SF:lib\services\chart_service.dart
DA:15,0
DA:18,1
DA:19,1
DA:20,3
DA:22,2
DA:23,1
DA:28,3
DA:35,2
DA:36,4
DA:40,1
DA:41,2
DA:45,1
DA:46,3
DA:47,3
DA:48,1
DA:49,2
DA:50,2
DA:51,2
DA:52,4
DA:65,2
DA:66,2
DA:67,2
DA:69,4
DA:70,4
DA:75,4
DA:76,5
DA:77,1
DA:79,1
DA:80,1
DA:82,1
DA:83,1
DA:84,1
DA:85,1
DA:86,1
DA:87,1
DA:88,1
DA:89,1
DA:90,1
DA:91,1
DA:92,1
DA:93,1
DA:94,1
DA:95,1
DA:96,1
DA:97,1
DA:98,1
DA:99,1
DA:100,1
DA:101,1
DA:102,1
DA:103,1
DA:104,1
DA:105,1
DA:106,1
DA:107,1
DA:108,1
DA:109,1
DA:111,5
DA:112,1
DA:114,1
DA:115,1
DA:120,2
DA:131,2
DA:132,2
DA:133,2
DA:134,4
DA:138,1
DA:139,1
DA:140,5
DA:141,2
DA:142,4
DA:143,2
DA:144,3
DA:145,1
DA:149,1
DA:150,3
DA:151,1
DA:154,1
DA:156,3
DA:157,3
DA:158,1
DA:160,4
DA:161,1
DA:162,1
DA:164,4
DA:166,3
DA:167,6
DA:170,4
DA:171,5
DA:175,2
DA:177,0
DA:178,0
DA:179,0
DA:180,0
DA:181,0
DA:183,0
DA:184,0
DA:186,0
DA:187,0
DA:188,0
DA:194,4
DA:195,1
DA:196,2
DA:197,3
DA:198,6
DA:199,2
DA:200,2
DA:203,9
DA:204,1
DA:206,4
DA:207,1
DA:209,2
DA:210,0
DA:212,0
DA:213,0
DA:219,3
DA:220,2
DA:222,2
DA:223,1
DA:227,1
DA:228,4
DA:229,1
DA:230,1
DA:231,4
DA:232,2
DA:233,1
DA:234,4
DA:235,2
DA:236,4
DA:237,2
DA:239,3
DA:241,4
DA:242,2
DA:243,4
DA:244,2
DA:247,4
DA:248,7
DA:251,3
DA:252,2
DA:255,1
DA:256,4
DA:257,1
DA:258,1
DA:259,4
DA:260,2
DA:261,1
DA:262,4
DA:263,2
DA:264,4
DA:265,2
DA:267,1
DA:269,7
DA:270,2
DA:271,1
DA:272,2
DA:273,3
DA:276,4
DA:277,7
DA:282,1
DA:284,2
DA:285,2
DA:287,5
DA:288,1
DA:293,2
DA:294,4
DA:295,6
DA:296,2
DA:299,1
DA:300,3
DA:301,2
DA:302,2
DA:303,3
DA:305,3
DA:306,3
DA:307,4
DA:308,4
DA:309,1
DA:310,2
DA:313,1
DA:316,2
DA:317,4
DA:318,6
DA:319,2
DA:320,4
DA:321,3
DA:322,4
DA:323,3
DA:324,3
DA:325,3
DA:326,2
DA:327,0
DA:329,1
DA:333,1
DA:334,3
DA:335,1
DA:336,1
DA:337,3
DA:338,4
DA:339,7
DA:340,2
DA:343,2
DA:344,4
DA:345,1
DA:346,2
DA:347,2
DA:348,7
DA:349,2
DA:350,2
DA:353,4
DA:354,2
DA:355,1
DA:356,4
DA:357,8
DA:359,3
DA:361,4
DA:362,4
DA:363,4
DA:367,3
DA:368,2
DA:371,1
DA:372,4
DA:373,1
DA:374,4
DA:375,1
DA:380,3
DA:381,3
DA:382,2
DA:384,1
DA:385,2
DA:387,5
DA:388,5
DA:391,1
DA:392,1
DA:394,1
DA:395,2
DA:397,5
DA:398,5
DA:401,1
DA:402,1
DA:408,1
DA:409,4
DA:410,1
DA:411,4
DA:412,1
DA:417,2
DA:418,3
DA:419,5
DA:420,2
DA:421,1
DA:422,3
DA:423,2
DA:426,3
DA:427,1
DA:431,1
DA:432,3
DA:433,1
DA:434,2
DA:435,4
DA:436,7
DA:437,2
DA:438,1
DA:439,2
DA:440,6
DA:442,1
DA:443,1
DA:444,1
DA:445,5
DA:446,1
DA:447,1
DA:448,1
DA:449,3
DA:450,1
DA:451,4
DA:452,2
DA:453,3
DA:454,3
DA:455,3
DA:456,4
DA:457,4
DA:459,2
DA:461,4
DA:462,2
DA:464,6
DA:469,1
DA:470,4
DA:471,1
DA:472,2
DA:473,1
DA:474,2
DA:475,4
DA:476,2
DA:479,3
DA:480,4
DA:481,1
DA:482,1
DA:483,2
DA:484,2
DA:485,2
DA:486,4
DA:488,4
DA:489,2
DA:492,3
DA:493,3
DA:494,4
DA:495,7
DA:498,5
DA:499,5
DA:502,1
DA:506,1
DA:507,4
DA:508,1
DA:509,5
DA:510,1
DA:511,3
DA:513,3
DA:514,3
DA:515,4
DA:516,3
DA:517,2
DA:518,6
DA:519,3
DA:520,5
DA:521,8
DA:524,1
DA:528,1
DA:531,4
DA:532,1
DA:533,2
DA:534,0
DA:535,1
DA:536,5
DA:537,2
DA:538,1
DA:539,3
DA:540,4
DA:541,2
DA:542,2
DA:543,5
DA:544,3
DA:545,6
LF:340
LH:324
end_of_record
SF:lib\services\icon_library_service.dart
DA:15,0
DA:21,3
DA:23,3
DA:26,0
DA:28,0
DA:35,0
DA:36,0
DA:37,0
DA:38,0
DA:43,3
DA:50,1
DA:51,1
DA:52,3
DA:53,2
DA:54,3
DA:60,1
DA:61,2
DA:64,1
DA:65,2
DA:68,1
DA:69,1
DA:74,2
DA:75,3
DA:76,1
DA:77,4
DA:81,4
DA:91,1
DA:92,1
DA:93,2
DA:94,2
DA:95,0
DA:97,1
DA:98,2
DA:99,2
DA:100,0
DA:104,1
DA:107,3
DA:108,1
DA:109,4
DA:110,1
DA:112,2
DA:113,2
DA:114,2
DA:115,2
DA:118,2
DA:124,1
DA:125,1
DA:126,1
DA:127,3
DA:128,1
DA:130,1
DA:136,2
DA:137,1
DA:138,2
DA:139,1
DA:140,2
DA:151,2
DA:152,1
DA:154,1
DA:155,5
DA:156,3
DA:157,4
DA:158,1
DA:159,0
DA:160,0
DA:163,4
DA:169,1
DA:170,5
DA:171,3
DA:172,4
DA:173,1
DA:174,1
DA:175,1
DA:176,4
DA:179,1
DA:180,5
DA:181,3
DA:182,1
DA:183,1
DA:184,4
DA:187,1
DA:188,5
DA:189,3
DA:190,1
DA:191,1
DA:192,4
DA:195,0
DA:196,0
DA:197,0
DA:198,0
DA:199,0
DA:200,0
DA:201,0
DA:202,0
DA:203,0
DA:205,0
DA:206,0
DA:207,0
DA:208,0
DA:209,0
DA:210,0
DA:211,0
DA:218,0
DA:219,0
DA:220,0
DA:221,0
DA:222,0
DA:223,0
DA:224,0
DA:226,0
DA:227,0
DA:228,0
DA:229,0
DA:230,0
DA:231,0
DA:232,0
DA:239,0
DA:240,0
DA:241,0
DA:242,0
DA:243,0
DA:244,0
DA:245,0
DA:247,0
DA:248,0
DA:249,0
DA:250,0
DA:252,0
DA:253,0
DA:254,0
DA:261,0
DA:262,0
DA:263,0
DA:264,0
DA:265,0
DA:267,0
DA:268,0
DA:269,0
DA:270,0
DA:271,0
DA:272,0
DA:273,0
DA:280,0
DA:283,0
DA:284,0
DA:285,0
DA:288,0
DA:289,0
DA:290,0
DA:291,0
DA:292,0
DA:293,0
DA:306,0
DA:311,0
DA:312,0
DA:313,0
DA:314,0
DA:315,0
DA:316,0
DA:317,0
DA:318,0
DA:319,0
DA:320,0
DA:321,0
DA:322,0
DA:323,0
DA:332,0
DA:335,0
DA:336,0
DA:341,0
DA:342,0
DA:343,0
DA:344,0
DA:345,0
DA:348,0
DA:349,0
DA:350,0
DA:351,0
DA:355,0
DA:356,0
DA:357,0
DA:358,0
DA:359,0
DA:360,0
DA:361,0
DA:369,1
DA:370,1
DA:371,2
DA:372,0
DA:374,2
DA:375,2
DA:376,2
DA:377,2
DA:378,1
DA:383,0
DA:384,0
DA:385,0
DA:386,0
DA:393,0
DA:519,0
DA:520,0
DA:521,0
DA:522,0
DA:523,0
DA:524,0
DA:525,0
DA:526,0
DA:529,0
LF:208
LH:83
end_of_record
SF:lib\services\smartart_service.dart
DA:9,0
DA:11,0
DA:17,0
DA:18,0
DA:19,0
DA:20,0
DA:21,0
DA:27,0
DA:28,0
DA:31,0
DA:32,0
DA:33,0
DA:34,0
DA:35,0
DA:36,0
DA:37,0
DA:38,0
DA:47,1
DA:48,1
DA:49,1
DA:51,1
DA:52,1
DA:53,1
DA:55,1
DA:56,1
DA:58,2
DA:59,1
DA:60,1
DA:61,1
DA:62,1
DA:63,1
DA:64,1
DA:65,1
DA:66,1
DA:67,1
DA:68,1
DA:69,1
DA:70,1
DA:71,1
DA:72,1
DA:73,1
DA:74,1
DA:76,1
DA:77,1
DA:80,1
DA:86,1
DA:87,1
DA:88,1
DA:89,2
DA:93,1
DA:94,2
DA:97,1
DA:98,6
DA:99,1
DA:101,2
DA:102,5
DA:103,0
DA:106,2
DA:109,2
DA:110,2
DA:113,1
DA:116,2
DA:117,2
DA:118,1
DA:119,3
DA:120,12
DA:125,1
DA:126,2
DA:127,1
DA:128,2
DA:129,3
DA:130,5
DA:134,1
DA:135,2
DA:136,1
DA:137,1
DA:138,3
DA:139,2
DA:141,3
DA:142,3
DA:143,5
DA:144,3
DA:149,1
DA:153,2
DA:154,2
DA:155,3
DA:156,2
DA:157,4
DA:158,4
DA:159,3
DA:160,1
DA:162,2
DA:163,1
DA:166,1
DA:167,4
DA:168,1
DA:169,1
DA:170,2
DA:171,2
DA:172,1
DA:173,0
DA:174,0
DA:175,0
DA:176,0
DA:177,0
DA:178,0
DA:182,1
DA:183,2
DA:184,1
DA:185,3
DA:186,2
DA:187,5
DA:188,3
DA:189,4
DA:190,1
DA:195,1
DA:199,3
DA:200,1
DA:201,1
DA:202,7
DA:203,2
DA:207,1
DA:208,2
DA:209,1
DA:211,3
DA:212,2
DA:213,1
DA:214,2
DA:215,6
DA:216,4
DA:217,3
DA:218,3
DA:219,10
DA:222,1
DA:226,1
DA:227,2
DA:228,1
DA:229,3
DA:230,2
DA:231,3
DA:232,1
DA:233,5
DA:235,4
LF:143
LH:119
end_of_record
SF:lib\services\model3d_service.dart
DA:17,0
DA:19,3
DA:26,1
DA:27,1
DA:28,3
DA:30,2
DA:31,2
DA:32,1
DA:39,1
DA:40,2
DA:43,1
DA:44,2
DA:47,1
DA:48,1
DA:53,2
DA:54,3
DA:55,1
DA:56,4
DA:60,0
DA:61,0
DA:67,1
DA:68,4
DA:69,1
DA:89,1
DA:90,2
DA:91,1
DA:92,1
DA:99,1
DA:100,1
DA:101,2
DA:102,1
DA:104,1
DA:105,1
DA:106,1
DA:107,1
DA:108,1
DA:110,1
DA:112,1
DA:114,1
DA:115,1
DA:116,1
DA:117,1
DA:118,1
DA:120,1
DA:122,1
DA:124,1
DA:125,1
DA:126,1
DA:127,1
DA:128,1
DA:130,1
DA:132,1
DA:133,1
DA:134,1
DA:136,1
DA:137,2
DA:150,1
DA:163,1
DA:164,1
DA:165,1
DA:166,1
DA:167,1
DA:168,2
DA:169,1
DA:170,2
DA:171,1
DA:172,1
DA:173,1
DA:174,1
DA:175,1
DA:176,1
DA:177,1
DA:178,2
DA:179,1
DA:180,2
DA:181,2
DA:183,1
DA:184,1
DA:185,1
DA:186,1
DA:187,1
DA:188,1
DA:189,1
DA:190,1
DA:191,1
DA:192,1
DA:194,1
DA:195,1
DA:196,1
DA:197,1
DA:198,2
DA:199,1
DA:204,1
DA:205,1
DA:206,1
DA:207,1
DA:208,1
DA:209,1
DA:210,1
DA:211,1
DA:212,1
DA:213,1
DA:214,1
DA:216,1
DA:218,1
DA:220,1
DA:222,1
DA:223,1
DA:224,1
DA:225,1
DA:226,1
DA:227,1
DA:228,2
DA:232,2
DA:233,2
DA:235,1
DA:236,1
DA:237,1
DA:238,1
DA:246,1
DA:250,1
DA:252,1
DA:253,1
DA:254,1
DA:255,1
DA:258,1
DA:261,1
DA:274,1
DA:275,1
DA:276,1
DA:277,1
DA:278,1
LF:132
LH:129
end_of_record
SF:lib\services\video_embed_service.dart
DA:22,2
DA:43,0
DA:45,3
DA:52,1
DA:53,1
DA:54,3
DA:56,2
DA:57,3
DA:58,1
DA:66,1
DA:67,2
DA:72,1
DA:73,2
DA:74,2
DA:75,4
DA:77,2
DA:78,0
DA:81,1
DA:82,3
DA:83,1
DA:84,1
DA:89,1
DA:90,1
DA:95,2
DA:96,3
DA:97,1
DA:98,1
DA:99,1
DA:100,1
DA:101,1
DA:106,0
DA:110,3
DA:118,1
DA:119,3
DA:120,1
DA:125,0
DA:126,0
DA:128,0
DA:129,0
DA:130,0
DA:131,0
DA:138,1
DA:139,1
DA:141,0
DA:142,0
DA:151,0
DA:153,0
DA:154,0
DA:161,0
DA:163,0
DA:169,0
DA:170,0
DA:171,0
DA:178,0
DA:184,0
DA:185,0
DA:186,0
DA:187,0
DA:190,0
DA:191,0
DA:196,0
DA:204,0
DA:209,0
DA:212,0
DA:213,0
DA:214,0
DA:215,0
DA:216,0
DA:218,0
DA:219,0
DA:220,0
DA:221,0
DA:225,0
DA:226,0
DA:231,0
DA:245,1
DA:256,1
DA:257,1
DA:258,1
DA:259,2
DA:260,1
DA:261,1
DA:262,1
DA:263,1
DA:264,1
DA:265,1
DA:266,1
DA:268,1
DA:269,2
DA:271,1
DA:274,1
DA:275,1
DA:276,1
DA:277,2
DA:278,1
DA:279,1
DA:280,1
DA:281,2
DA:283,1
DA:284,1
DA:285,1
DA:286,1
DA:293,2
DA:297,4
DA:298,2
DA:299,2
DA:302,4
DA:303,2
DA:304,6
DA:305,2
DA:306,6
DA:307,2
DA:308,2
DA:309,6
DA:310,2
DA:311,2
DA:312,2
DA:313,4
DA:314,2
DA:315,2
DA:316,2
DA:317,8
DA:318,4
DA:319,2
DA:320,2
DA:321,2
DA:322,2
DA:323,2
DA:325,2
DA:327,2
DA:328,2
DA:332,4
DA:333,2
DA:334,2
DA:335,4
DA:336,4
DA:338,2
DA:339,2
DA:340,6
DA:341,2
DA:342,2
DA:343,6
DA:344,2
DA:345,2
DA:346,2
DA:347,8
DA:348,2
DA:349,2
DA:350,6
DA:353,6
DA:354,2
DA:355,3
DA:356,4
DA:357,2
DA:358,2
DA:359,2
DA:360,2
DA:361,4
DA:363,2
DA:364,2
DA:369,6
DA:372,4
DA:373,4
DA:374,2
DA:375,2
DA:376,7
DA:380,2
DA:381,4
DA:382,6
DA:385,2
DA:386,2
DA:391,2
DA:392,2
DA:393,2
DA:394,4
DA:396,2
DA:397,2
DA:398,6
DA:399,2
DA:400,2
DA:401,6
DA:402,2
DA:403,2
DA:404,2
DA:405,4
DA:406,2
DA:407,2
DA:408,2
DA:409,6
DA:410,4
DA:411,2
DA:412,2
DA:413,2
DA:414,2
DA:415,4
DA:417,2
DA:418,2
DA:420,2
DA:421,2
DA:427,0
DA:428,0
DA:429,0
DA:435,22
DA:436,22
DA:437,2
DA:439,4
DA:440,2
DA:441,2
DA:444,2
DA:450,1
DA:460,1
DA:461,1
DA:462,1
DA:463,2
DA:464,1
DA:465,1
DA:466,1
DA:467,1
DA:468,1
DA:469,1
DA:470,1
DA:472,1
DA:473,2
DA:475,1
DA:478,1
DA:479,1
DA:480,1
DA:481,2
DA:482,1
DA:483,1
DA:484,1
DA:485,2
DA:487,1
DA:488,1
DA:489,1
DA:490,1
DA:499,1
DA:500,1
DA:501,1
DA:502,1
DA:503,1
LF:241
LH:197
end_of_record
SF:lib\services\action_button_service.dart
DA:29,2
DA:49,1
DA:50,1
DA:51,1
DA:52,1
DA:53,1
DA:54,1
DA:55,1
DA:56,1
DA:57,1
DA:58,1
DA:59,1
DA:60,1
DA:61,1
DA:66,1
DA:67,1
DA:68,1
DA:69,1
DA:70,1
DA:71,1
DA:72,1
DA:73,1
DA:74,1
DA:75,1
DA:76,1
DA:77,1
DA:78,1
DA:82,2
DA:83,3
DA:84,3
DA:85,4
DA:86,4
DA:87,2
DA:88,2
DA:89,2
DA:90,2
DA:91,2
DA:94,2
DA:95,3
DA:97,3
DA:99,2
DA:100,2
DA:101,2
DA:102,2
DA:103,2
DA:104,2
DA:105,1
DA:108,3
DA:110,1
DA:112,1
DA:113,1
DA:114,1
DA:121,1
DA:122,3
DA:123,3
DA:124,2
DA:125,1
DA:128,1
DA:131,1
DA:132,1
DA:133,1
DA:134,1
DA:135,1
DA:139,0
DA:141,3
DA:148,1
DA:149,1
DA:150,3
DA:151,2
DA:152,1
DA:157,1
DA:158,2
DA:161,1
DA:162,2
DA:164,4
DA:167,1
DA:168,1
DA:173,2
DA:174,3
DA:175,1
DA:176,4
DA:184,1
DA:194,1
DA:195,3
DA:196,2
DA:197,1
DA:198,1
DA:199,2
DA:200,2
DA:201,2
DA:205,2
DA:211,2
DA:214,1
DA:215,1
DA:216,1
DA:220,0
DA:221,0
DA:222,0
DA:224,0
DA:226,0
DA:228,0
DA:230,0
DA:231,0
DA:232,0
DA:233,0
DA:234,0
DA:235,0
DA:240,0
DA:241,0
DA:242,0
DA:243,0
DA:244,0
DA:245,0
DA:250,1
DA:251,1
DA:252,1
DA:253,1
DA:254,1
LF:118
LH:99
end_of_record
SF:lib\services\equation_service.dart
DA:13,2
DA:21,2
DA:22,4
DA:23,2
DA:26,2
DA:27,2
DA:28,1
DA:31,3
DA:33,1
DA:35,1
DA:36,1
DA:37,1
DA:43,3
DA:46,0
DA:50,0
DA:52,3
DA:59,1
DA:60,1
DA:61,3
DA:62,3
DA:67,1
DA:68,2
DA:70,1
DA:71,2
DA:73,1
DA:74,3
DA:77,1
DA:78,1
DA:83,2
DA:84,3
DA:85,1
DA:86,4
DA:94,1
DA:95,1
DA:96,1
DA:97,1
DA:98,1
DA:99,1
DA:102,1
DA:104,1
DA:105,0
DA:109,1
DA:111,1
DA:114,0
DA:115,0
DA:116,0
DA:121,1
DA:122,1
DA:124,1
DA:125,1
DA:126,1
DA:127,1
DA:128,3
DA:130,1
DA:131,0
DA:132,1
DA:133,1
DA:134,2
DA:135,1
DA:137,2
DA:138,1
DA:139,2
DA:140,1
DA:142,1
DA:143,1
DA:145,1
DA:146,1
DA:148,1
DA:149,1
DA:150,2
DA:151,1
DA:152,2
DA:153,1
DA:154,2
DA:155,1
DA:157,1
DA:158,0
DA:159,0
DA:160,0
DA:161,0
DA:162,0
DA:163,0
DA:164,0
DA:166,1
DA:167,0
DA:168,0
DA:169,0
DA:170,0
DA:171,0
DA:172,0
DA:173,0
DA:174,0
DA:175,0
DA:177,1
DA:178,0
DA:179,0
DA:180,0
DA:183,0
DA:184,0
DA:185,0
DA:186,0
DA:187,0
DA:188,0
DA:190,1
DA:191,0
DA:192,0
DA:193,0
DA:194,0
DA:195,0
DA:196,0
DA:197,0
DA:198,0
DA:201,0
DA:205,1
DA:209,1
DA:212,1
DA:214,1
DA:215,3
DA:216,1
DA:217,1
DA:219,6
DA:220,1
DA:221,1
DA:223,1
DA:224,4
DA:225,2
DA:226,1
DA:228,2
DA:229,1
DA:230,1
DA:232,1
DA:233,3
DA:234,1
DA:238,1
DA:241,3
DA:242,0
DA:247,0
DA:249,0
DA:250,0
DA:251,0
DA:252,0
DA:255,0
DA:257,0
DA:258,0
DA:259,0
DA:260,0
DA:263,1
DA:264,1
DA:265,1
DA:266,1
DA:275,1
DA:277,1
DA:278,2
DA:279,2
DA:280,1
DA:281,1
DA:282,4
DA:283,4
DA:284,1
DA:286,3
DA:287,1
DA:291,1
DA:292,1
DA:293,1
DA:296,1
DA:297,1
DA:300,1
DA:301,2
DA:302,2
DA:307,1
DA:308,1
DA:310,1
DA:311,1
DA:312,1
DA:313,1
DA:314,3
DA:315,1
DA:316,0
DA:317,1
DA:318,1
DA:319,2
DA:320,2
DA:321,2
DA:322,4
DA:324,2
DA:325,2
DA:326,1
DA:327,1
DA:330,1
DA:332,5
DA:333,1
DA:334,1
DA:335,2
DA:336,1
DA:337,4
DA:338,5
DA:339,2
DA:340,1
DA:341,1
DA:343,4
DA:344,0
DA:345,0
DA:346,0
DA:347,0
DA:348,0
DA:349,0
DA:350,0
DA:351,0
DA:352,0
DA:353,0
DA:354,0
DA:355,0
DA:356,0
DA:357,0
DA:358,0
DA:359,0
DA:360,0
DA:361,0
DA:362,0
DA:363,0
DA:364,0
DA:365,0
DA:366,0
DA:367,0
DA:368,0
DA:369,0
DA:370,0
DA:371,0
DA:372,0
DA:373,0
DA:374,0
DA:375,0
DA:376,0
DA:377,0
DA:378,0
DA:379,0
DA:380,0
DA:382,0
DA:383,0
DA:384,0
DA:385,0
DA:387,0
DA:388,0
DA:389,0
DA:390,0
DA:391,0
DA:393,0
DA:395,0
DA:397,0
DA:398,0
DA:399,0
DA:400,0
DA:401,0
DA:403,0
DA:405,0
DA:406,0
DA:408,0
DA:412,1
DA:413,2
DA:414,2
DA:420,0
DA:421,0
DA:422,0
DA:426,0
DA:427,0
DA:428,0
DA:429,0
DA:430,0
DA:431,0
DA:433,0
DA:434,0
DA:445,2
LF:272
LH:151
end_of_record
SF:lib\services\ole_service.dart
DA:14,2
DA:29,2
DA:30,2
DA:31,2
DA:32,2
DA:33,2
DA:34,2
DA:35,2
DA:38,5
DA:41,2
DA:42,2
DA:43,2
DA:44,2
DA:45,2
DA:46,2
DA:47,2
DA:48,2
DA:49,0
DA:50,2
DA:51,2
DA:52,1
DA:55,3
DA:57,1
DA:59,1
DA:60,1
DA:61,1
DA:68,2
DA:69,4
DA:76,2
DA:78,2
DA:81,1
DA:82,1
DA:83,1
DA:84,1
DA:85,1
DA:89,0
DA:91,3
DA:97,1
DA:98,1
DA:99,3
DA:100,3
DA:105,1
DA:106,2
DA:108,1
DA:109,2
DA:111,4
DA:113,0
DA:114,0
DA:119,0
DA:120,0
DA:121,0
DA:122,0
DA:131,1
DA:141,5
DA:142,1
DA:143,1
DA:144,1
DA:147,1
DA:162,2
DA:165,2
DA:170,2
DA:182,1
DA:183,1
DA:184,2
DA:186,2
DA:188,2
DA:190,2
DA:191,2
DA:192,2
DA:193,2
DA:196,1
DA:197,1
DA:198,1
DA:199,0
DA:200,0
DA:201,0
DA:202,0
DA:203,0
DA:208,1
DA:209,1
DA:210,1
DA:211,1
DA:212,1
LF:83
LH:70
end_of_record
SF:lib\services\zoom_feature_service.dart
DA:11,2
DA:33,2
DA:34,2
DA:35,4
DA:36,4
DA:37,2
DA:38,2
DA:39,2
DA:40,2
DA:43,2
DA:44,2
DA:45,2
DA:46,2
DA:47,2
DA:48,2
DA:49,2
DA:50,2
DA:53,3
DA:55,1
DA:57,1
DA:58,1
DA:59,1
DA:66,1
DA:67,3
DA:68,1
DA:69,3
DA:70,2
DA:75,2
DA:76,1
DA:79,1
DA:80,1
DA:81,1
DA:83,1
DA:90,1
DA:91,1
DA:92,1
DA:93,1
DA:94,1
DA:98,0
DA:100,3
DA:106,1
DA:107,1
DA:108,3
DA:109,3
DA:114,1
DA:115,2
DA:117,1
DA:118,2
DA:120,4
DA:122,1
DA:123,1
DA:128,2
DA:129,3
DA:130,1
DA:131,4
DA:137,1
DA:146,2
DA:147,0
DA:148,3
DA:153,1
DA:167,1
DA:171,1
DA:172,1
DA:173,1
DA:174,1
DA:175,1
DA:180,1
DA:188,4
DA:190,1
DA:191,1
DA:192,2
DA:193,2
DA:204,2
DA:223,2
DA:224,6
DA:225,2
DA:226,4
DA:227,2
DA:228,2
DA:229,2
DA:230,2
DA:233,2
DA:234,2
DA:235,1
DA:236,3
DA:237,1
DA:238,1
DA:240,1
DA:241,2
DA:242,2
DA:243,2
DA:244,2
DA:245,2
DA:248,3
DA:250,1
DA:252,1
DA:253,1
DA:254,1
DA:262,1
DA:263,2
DA:264,1
DA:265,1
DA:266,3
DA:267,2
DA:273,3
DA:274,2
DA:275,1
DA:276,2
DA:277,3
DA:281,1
DA:282,1
DA:283,1
DA:285,1
DA:292,1
DA:293,1
DA:294,1
DA:295,1
DA:296,1
DA:301,0
DA:303,3
DA:309,1
DA:310,1
DA:311,3
DA:312,3
DA:317,1
DA:318,3
DA:320,1
DA:321,2
DA:322,1
DA:325,1
DA:326,1
DA:331,2
DA:332,3
DA:333,1
DA:334,4
DA:338,1
DA:346,1
DA:347,1
DA:348,2
DA:349,4
DA:351,4
DA:352,4
DA:353,3
DA:354,1
DA:355,1
DA:356,1
DA:357,3
DA:358,3
DA:359,2
DA:360,3
DA:373,2
DA:376,1
DA:379,1
DA:380,1
DA:381,1
DA:382,1
DA:383,1
LF:157
LH:154
end_of_record
SF:lib\services\cameo_service.dart
DA:11,2
DA:22,2
DA:23,4
DA:24,2
DA:25,2
DA:26,2
DA:27,2
DA:30,2
DA:31,2
DA:32,2
DA:33,2
DA:34,2
DA:35,2
DA:38,3
DA:40,1
DA:42,1
DA:43,1
DA:44,1
DA:51,2
DA:52,4
DA:59,2
DA:63,1
DA:64,1
DA:65,1
DA:66,1
DA:67,1
DA:71,0
DA:73,3
DA:79,1
DA:80,1
DA:81,3
DA:82,3
DA:87,1
DA:88,2
DA:90,1
DA:91,2
DA:93,4
DA:95,1
DA:96,1
DA:101,2
DA:102,3
DA:103,1
DA:104,4
DA:109,1
DA:117,1
DA:118,1
DA:130,2
DA:138,1
DA:139,1
DA:140,1
DA:141,1
DA:142,1
LF:52
LH:51
end_of_record
SF:lib\services\html_export_service.dart
DA:46,54
DA:50,18
DA:54,36
DA:55,18
DA:56,36
DA:58,36
DA:62,2
DA:63,4
DA:68,1
DA:78,1
DA:79,1
DA:82,1
DA:83,1
DA:86,1
DA:96,1
DA:97,2
DA:98,1
DA:99,1
DA:100,1
DA:101,1
DA:105,6
DA:115,6
DA:116,0
DA:118,6
DA:127,6
DA:128,6
DA:129,6
DA:130,6
DA:138,13
DA:147,13
DA:160,18
DA:172,36
DA:174,18
DA:179,2
DA:181,1
DA:183,18
DA:184,36
DA:185,6
DA:186,3
DA:187,6
DA:188,6
DA:189,3
DA:191,1
DA:192,18
DA:193,18
DA:205,54
DA:206,54
DA:207,15
DA:212,18
DA:224,18
DA:225,1
DA:229,90
DA:230,2
DA:231,18
DA:234,18
DA:235,18
DA:237,54
DA:238,18
DA:239,18
DA:241,4
DA:244,36
DA:245,10
DA:247,5
DA:248,15
DA:249,5
DA:254,18
DA:255,18
DA:259,18
DA:266,18
DA:267,18
DA:268,54
DA:269,36
DA:270,23
DA:271,20
DA:273,6
DA:274,2
DA:275,0
DA:276,0
DA:278,2
DA:279,2
DA:280,2
DA:281,2
DA:284,18
DA:286,4
DA:290,18
DA:291,40
DA:292,4
DA:293,8
DA:294,3
DA:295,1
DA:296,2
DA:297,1
DA:298,2
DA:299,2
DA:301,1
DA:302,2
DA:304,18
DA:306,1
DA:308,18
DA:309,18
DA:310,18
DA:311,18
DA:312,18
DA:314,18
DA:315,18
DA:316,18
DA:317,18
DA:318,18
DA:320,18
DA:321,18
DA:322,18
DA:323,18
DA:324,18
DA:325,18
DA:326,18
DA:327,18
DA:328,18
DA:329,54
DA:330,54
DA:331,18
DA:332,18
DA:333,18
DA:334,18
DA:335,18
DA:336,18
DA:337,18
DA:338,18
DA:339,18
DA:340,18
DA:341,18
DA:342,18
DA:343,18
DA:344,18
DA:345,18
DA:347,18
DA:348,18
DA:349,18
DA:350,18
DA:351,18
DA:352,18
DA:353,18
DA:354,18
DA:355,18
DA:356,18
DA:357,18
DA:358,18
DA:359,18
DA:360,18
DA:361,18
DA:362,18
DA:363,18
DA:364,18
DA:365,18
DA:366,18
DA:367,18
DA:368,18
DA:369,18
DA:370,18
DA:371,18
DA:372,18
DA:373,18
DA:374,18
DA:375,18
DA:376,18
DA:377,18
DA:378,18
DA:379,18
DA:380,18
DA:381,18
DA:382,18
DA:383,18
DA:384,18
DA:385,18
DA:386,18
[...]
DA:1051,0
DA:1058,0
DA:1059,0
DA:1060,0
DA:1061,0
DA:1062,0
DA:1063,0
DA:1064,0
DA:1065,0
DA:1066,0
DA:1067,0
DA:1068,0
DA:1069,0
DA:1076,0
DA:1077,0
DA:1083,0
DA:1084,0
DA:1085,0
DA:1086,0
DA:1089,0
DA:1090,0
DA:1091,0
DA:1102,0
DA:1104,0
DA:1105,0
DA:1106,0
DA:1107,0
DA:1108,0
DA:1109,0
DA:1110,0
DA:1111,0
DA:1112,0
DA:1113,0
DA:1114,0
DA:1115,0
DA:1118,0
DA:1119,0
DA:1122,0
DA:1123,0
DA:1124,0
DA:1126,0
DA:1127,0
DA:1128,0
DA:1129,0
DA:1131,0
DA:1133,0
DA:1134,0
DA:1135,0
DA:1136,0
DA:1137,0
DA:1139,0
DA:1140,0
DA:1141,0
DA:1142,0
DA:1145,0
DA:1146,0
DA:1152,0
DA:1160,0
DA:1161,0
DA:1162,0
DA:1163,0
DA:1165,0
DA:1166,0
DA:1167,0
DA:1168,0
DA:1170,0
DA:1171,0
DA:1172,0
DA:1173,0
DA:1175,0
DA:1176,0
DA:1177,0
DA:1178,0
DA:1179,0
DA:1180,0
DA:1181,0
DA:1182,0
DA:1183,0
DA:1184,0
DA:1187,0
DA:1188,0
DA:1189,0
DA:1191,0
DA:1192,0
DA:1193,0
DA:1194,0
DA:1195,0
DA:1198,0
DA:1199,0
DA:1200,0
DA:1201,0
DA:1202,0
DA:1204,0
DA:1210,0
DA:1211,0
DA:1212,0
DA:1213,0
DA:1216,2
DA:1217,2
DA:1218,4
DA:1219,4
DA:1220,4
DA:1221,4
DA:1223,12
DA:1227,13
DA:1236,26
DA:1239,1
DA:1240,1
DA:1241,1
DA:1242,1
DA:1244,1
DA:1246,1
DA:1247,1
DA:1248,1
DA:1251,0
DA:1256,1
DA:1257,1
DA:1258,1
DA:1260,1
DA:1262,1
DA:1263,1
DA:1264,1
DA:1267,2
DA:1277,0
DA:1278,0
DA:1280,0
DA:1281,0
DA:1282,0
DA:1283,0
DA:1291,0
DA:1293,0
DA:1294,0
DA:1295,0
DA:1296,0
DA:1298,0
DA:1299,0
DA:1300,0
DA:1302,0
DA:1303,0
DA:1307,0
DA:1308,0
DA:1309,0
DA:1310,0
DA:1311,0
DA:1313,0
DA:1314,0
DA:1316,0
DA:1317,0
DA:1319,0
DA:1320,0
DA:1321,0
DA:1322,0
DA:1323,0
DA:1324,0
DA:1327,0
DA:1328,0
DA:1329,0
DA:1330,0
DA:1331,0
DA:1332,0
DA:1333,0
DA:1334,0
DA:1335,0
DA:1336,0
DA:1338,0
DA:1340,0
DA:1348,0
DA:1349,0
DA:1351,0
DA:1353,0
DA:1354,0
DA:1355,0
DA:1365,0
DA:1366,0
DA:1367,0
DA:1368,0
DA:1371,0
DA:1372,0
DA:1373,0
DA:1375,0
DA:1377,0
DA:1378,0
DA:1385,0
DA:1386,0
DA:1387,0
DA:1388,0
DA:1391,0
DA:1392,0
DA:1393,0
DA:1395,0
DA:1397,0
DA:1398,0
DA:1406,0
DA:1410,0
DA:1411,0
DA:1412,0
DA:1413,0
DA:1414,0
DA:1415,0
DA:1417,0
DA:1418,0
DA:1423,0
DA:1424,0
DA:1426,0
DA:1427,0
DA:1428,0
DA:1429,0
DA:1430,0
DA:1431,0
DA:1432,0
DA:1433,0
DA:1434,0
DA:1435,0
DA:1436,0
DA:1438,0
DA:1439,0
DA:1440,0
DA:1442,0
DA:1443,0
DA:1444,0
DA:1448,0
DA:1451,0
DA:1452,0
DA:1457,9
DA:1462,9
DA:1463,9
DA:1464,9
DA:1465,9
DA:1466,9
DA:1467,27
DA:1468,9
DA:1475,9
DA:1479,9
DA:1480,9
DA:1481,18
DA:1482,27
DA:1483,5
DA:1484,5
DA:1486,9
DA:1488,18
DA:1492,9
DA:1495,9
DA:1496,0
DA:1497,0
DA:1498,0
DA:1501,9
DA:1502,0
DA:1503,0
DA:1505,9
DA:1508,18
DA:1510,18
DA:1511,18
DA:1513,18
DA:1518,5
DA:1520,15
DA:1521,5
DA:1523,3
DA:1526,13
DA:1528,39
DA:1529,26
DA:1531,13
DA:1532,13
DA:1534,2
DA:1537,2
DA:1544,2
DA:1545,16
DA:1546,2
DA:1552,1
DA:1553,1
DA:1554,1
DA:1555,1
DA:1556,1
DA:1557,2
DA:1559,0
DA:1561,0
DA:1562,0
DA:1565,2
DA:1566,1
DA:1567,1
DA:1568,0
DA:1569,0
DA:1570,0
DA:1572,1
DA:1573,0
DA:1574,0
DA:1575,0
DA:1577,1
DA:1578,0
DA:1579,0
DA:1580,0
DA:1581,0
DA:1582,0
DA:1583,0
DA:1585,1
DA:1586,0
DA:1587,0
DA:1588,0
DA:1589,0
DA:1590,0
DA:1591,0
DA:1592,0
DA:1595,1
DA:1596,0
DA:1597,0
DA:1598,0
DA:1600,1
DA:1601,2
DA:1602,3
DA:1603,2
DA:1604,2
DA:1605,4
DA:1607,6
DA:1608,6
DA:1609,7
DA:1610,7
DA:1611,1
DA:1612,1
DA:1614,0
DA:1615,0
DA:1616,0
DA:1617,0
DA:1618,0
DA:1624,0
DA:1625,0
DA:1626,0
DA:1627,0
DA:1628,0
DA:1633,1
DA:1638,1
DA:1639,1
DA:1642,1
DA:1643,1
DA:1645,1
DA:1646,1
DA:1647,1
DA:1648,1
DA:1649,0
DA:1650,1
DA:1651,0
DA:1652,1
DA:1653,0
DA:1654,1
DA:1655,0
DA:1656,1
DA:1657,0
DA:1658,1
DA:1659,0
DA:1660,1
DA:1661,0
DA:1662,0
DA:1663,0
DA:1664,0
DA:1665,0
DA:1666,1
DA:1670,1
DA:1678,3
DA:1679,3
DA:1680,1
DA:1681,2
DA:1682,4
DA:1683,4
DA:1684,1
DA:1685,5
DA:1686,3
DA:1688,4
DA:1689,3
DA:1693,1
DA:1694,4
DA:1697,0
DA:1706,0
DA:1707,0
DA:1708,0
DA:1709,0
DA:1710,0
DA:1711,0
DA:1712,0
DA:1713,0
DA:1714,0
DA:1715,0
DA:1717,0
DA:1721,0
DA:1722,0
DA:1723,0
DA:1724,0
DA:1725,0
DA:1727,0
DA:1728,0
DA:1729,0
DA:1731,0
DA:1732,0
DA:1733,0
DA:1738,0
DA:1746,0
DA:1747,0
DA:1748,0
DA:1749,0
DA:1750,0
DA:1751,0
DA:1752,0
DA:1754,0
DA:1755,0
DA:1756,0
DA:1757,0
DA:1759,0
DA:1761,0
DA:1762,0
DA:1763,0
DA:1764,0
DA:1765,0
DA:1766,0
DA:1767,0
DA:1768,0
DA:1773,0
DA:1782,0
DA:1783,0
DA:1784,0
DA:1785,0
DA:1786,0
DA:1787,0
DA:1788,0
DA:1789,0
DA:1790,0
DA:1791,0
DA:1792,0
DA:1794,0
DA:1795,0
DA:1796,0
DA:1798,0
DA:1799,0
DA:1800,0
DA:1804,0
DA:1813,0
DA:1814,0
DA:1815,0
DA:1816,0
DA:1817,0
DA:1819,0
DA:1820,0
DA:1822,0
DA:1823,0
DA:1824,0
DA:1825,0
DA:1827,0
DA:1828,0
DA:1829,0
DA:1833,0
DA:1842,0
DA:1843,0
DA:1844,0
DA:1845,0
DA:1847,0
DA:1848,0
DA:1849,0
DA:1850,0
DA:1851,0
DA:1853,0
DA:1854,0
DA:1855,0
DA:1856,0
DA:1857,0
DA:1858,0
DA:1859,0
LF:932
LH:428
end_of_record
SF:lib\services\morph_service.dart
DA:8,0
DA:14,1
DA:18,3
DA:19,3
DA:21,6
DA:22,6
DA:23,2
DA:30,1
DA:34,1
DA:35,5
DA:36,1
DA:37,5
DA:39,1
DA:43,2
DA:44,2
DA:45,2
DA:46,3
DA:47,1
DA:48,2
DA:54,2
DA:55,2
DA:56,2
DA:57,1
DA:58,1
DA:60,1
DA:61,2
DA:66,2
DA:71,1
DA:79,2
DA:80,2
DA:81,2
DA:82,2
DA:83,2
DA:84,2
DA:85,2
DA:86,2
DA:88,2
DA:89,2
DA:94,6
DA:101,1
DA:104,1
DA:105,5
DA:108,1
DA:114,1
DA:115,3
DA:116,1
DA:117,1
DA:118,2
DA:122,1
DA:123,1
DA:125,2
DA:126,0
DA:127,3
DA:128,2
DA:129,1
DA:133,1
DA:138,1
DA:141,1
DA:142,1
DA:145,1
DA:154,1
DA:155,1
DA:156,1
DA:158,3
DA:159,1
DA:160,0
DA:161,0
DA:163,1
DA:164,1
DA:167,0
DA:168,0
DA:169,0
DA:171,0
DA:172,0
DA:173,0
DA:174,0
DA:176,0
DA:177,0
LF:78
LH:65
end_of_record
SF:lib\services\polygon_boolean.dart
DA:15,1
DA:27,1
DA:28,1
DA:29,1
DA:33,1
DA:34,1
DA:35,1
DA:36,2
DA:39,7
DA:42,1
DA:44,1
DA:45,1
DA:46,1
DA:47,1
DA:50,8
DA:51,4
DA:52,2
DA:53,11
DA:58,1
DA:59,1
DA:60,2
DA:71,1
DA:72,2
DA:73,4
DA:77,1
DA:79,1
DA:80,1
DA:81,1
DA:82,2
DA:83,2
DA:85,1
DA:86,1
DA:87,1
DA:88,1
DA:89,1
DA:90,1
DA:92,2
DA:96,1
DA:98,4
DA:99,1
DA:101,1
DA:102,1
DA:103,1
DA:104,1
DA:105,1
DA:106,2
DA:110,1
DA:112,1
DA:113,1
DA:118,1
DA:119,2
DA:121,2
DA:122,1
DA:123,2
DA:124,1
DA:128,1
DA:129,2
DA:131,2
DA:132,1
DA:135,1
DA:136,2
DA:137,1
DA:141,1
DA:142,1
DA:143,1
DA:145,4
DA:146,1
DA:147,2
DA:155,1
DA:158,1
DA:159,1
DA:162,1
DA:164,1
DA:165,1
DA:167,2
DA:169,2
DA:172,1
DA:173,1
DA:174,1
DA:175,1
DA:176,3
DA:177,3
DA:180,1
DA:181,2
DA:183,1
DA:184,2
DA:187,1
DA:188,1
DA:189,1
DA:190,1
DA:191,1
DA:192,1
DA:194,1
DA:195,1
DA:198,1
DA:199,2
DA:201,1
DA:202,1
DA:205,1
DA:206,2
DA:209,1
DA:210,1
DA:211,1
DA:212,1
DA:213,4
DA:215,1
DA:216,1
DA:218,1
DA:219,4
DA:220,1
DA:223,1
DA:224,4
DA:225,1
DA:227,1
DA:228,1
DA:229,2
DA:232,1
DA:235,0
DA:237,0
DA:240,2
DA:241,2
DA:245,0
DA:247,0
DA:253,0
DA:254,0
DA:257,2
DA:258,2
DA:260,0
DA:264,1
DA:269,1
DA:271,15
DA:272,1
DA:274,16
DA:276,16
DA:277,4
DA:279,6
DA:280,6
DA:288,0
DA:291,1
DA:292,1
DA:295,1
DA:297,1
DA:300,1
DA:302,1
DA:305,1
DA:306,1
DA:307,1
DA:308,1
DA:309,1
DA:310,1
DA:311,1
DA:314,1
DA:316,4
DA:317,1
DA:318,1
DA:319,1
LF:156
LH:148
end_of_record
SF:lib\services\ppt_chart_writer.dart
DA:15,2
DA:30,0
DA:32,2
DA:33,2
DA:34,2
DA:35,2
DA:39,2
DA:40,2
DA:43,2
DA:48,2
DA:49,2
DA:50,2
DA:51,2
DA:53,2
DA:54,2
DA:55,2
DA:56,2
DA:57,2
DA:58,2
DA:59,1
DA:60,1
DA:61,1
DA:62,1
DA:63,1
DA:64,2
DA:65,2
DA:66,1
DA:67,1
DA:68,0
DA:69,0
DA:70,1
DA:71,1
DA:72,1
DA:73,0
DA:74,1
DA:75,0
DA:76,1
DA:77,0
DA:78,0
DA:79,0
DA:80,0
DA:81,0
DA:82,0
DA:84,0
DA:86,2
DA:87,10
DA:88,1
DA:90,2
DA:91,2
DA:92,2
DA:94,2
DA:95,2
DA:98,2
DA:100,0
DA:101,4
DA:102,2
DA:103,4
DA:104,6
DA:107,2
DA:108,4
DA:109,2
DA:111,2
DA:113,2
DA:114,2
DA:115,2
DA:118,1
DA:120,0
DA:121,2
DA:122,1
DA:123,1
DA:126,2
DA:127,1
DA:130,1
DA:131,1
DA:132,1
DA:133,1
DA:136,1
DA:138,1
DA:141,4
DA:142,1
DA:144,1
DA:150,2
DA:151,4
DA:152,10
DA:153,2
DA:155,4
DA:156,4
DA:157,2
DA:160,6
DA:161,4
DA:162,4
DA:163,2
DA:164,14
DA:166,2
DA:169,10
DA:170,4
DA:171,4
DA:172,10
DA:173,4
DA:175,2
DA:176,2
DA:179,2
DA:181,2
DA:190,2
DA:200,6
DA:202,2
DA:204,2
DA:205,2
DA:206,2
DA:207,6
DA:208,2
DA:210,2
DA:213,2
DA:214,2
DA:215,2
DA:216,2
DA:217,2
DA:219,2
DA:220,4
DA:221,4
DA:222,6
DA:224,2
DA:225,2
DA:226,10
DA:227,4
DA:228,2
DA:229,10
DA:230,8
DA:231,20
DA:234,2
LF:130
LH:116
end_of_record
SF:lib\services\ppt_layout_registry.dart
DA:14,1
DA:29,1
DA:269,22
DA:270,66
DA:271,25
DA:274,2
DA:275,2
DA:281,22
DA:282,110
LF:9
LH:9
end_of_record
SF:lib\services\ppt_smartart_writer.dart
DA:19,1
DA:33,0
DA:35,1
DA:36,1
DA:37,1
DA:39,1
DA:40,1
DA:46,1
DA:47,1
DA:48,1
DA:49,1
DA:50,1
DA:52,1
DA:54,1
DA:59,3
DA:60,1
DA:61,1
DA:63,4
DA:64,1
DA:65,1
DA:67,4
DA:68,1
DA:70,1
DA:72,3
DA:73,1
DA:74,1
DA:76,4
DA:78,1
DA:79,1
DA:81,1
DA:82,1
DA:118,1
DA:124,1
DA:125,2
DA:126,1
DA:127,1
DA:128,1
DA:130,4
DA:131,4
DA:132,1
DA:133,3
DA:134,5
DA:135,1
DA:136,1
DA:139,1
DA:140,1
DA:141,1
DA:142,1
DA:143,1
LF:49
LH:48
end_of_record
SF:lib\services\text_metrics_service.dart
DA:21,22
DA:52,168
DA:55,84
DA:57,0
DA:58,0
DA:64,0
DA:70,42
DA:83,1
DA:87,0
DA:88,0
DA:91,0
DA:92,0
DA:93,0
DA:102,0
DA:118,21
DA:119,42
DA:121,42
DA:122,21
DA:123,63
DA:134,21
DA:135,21
DA:136,42
DA:139,42
DA:141,0
DA:142,0
DA:143,0
DA:144,0
DA:146,63
DA:148,42
DA:149,21
DA:154,42
DA:155,63
DA:156,63
DA:157,21
DA:158,42
DA:159,21
DA:160,21
DA:161,21
DA:165,42
DA:166,21
DA:168,42
DA:169,42
DA:170,42
DA:174,42
DA:175,42
DA:177,21
DA:188,21
DA:189,63
DA:190,63
DA:198,21
DA:199,147
DA:215,42
DA:216,42
DA:221,21
DA:227,21
DA:228,105
DA:231,21
DA:234,42
DA:235,21
DA:236,16
DA:237,42
DA:238,5
DA:241,63
DA:242,67
DA:243,126
DA:248,0
DA:249,0
DA:256,21
DA:263,42
DA:264,42
DA:265,21
DA:266,42
DA:267,42
DA:268,21
DA:269,21
DA:271,21
DA:273,84
DA:274,21
DA:280,3
DA:287,6
DA:288,6
DA:289,3
DA:290,6
DA:291,3
DA:292,3
DA:293,3
DA:295,3
DA:302,3
DA:304,6
DA:307,21
DA:309,21
DA:310,3
DA:311,21
DA:313,3
LF:94
LH:79
end_of_record
SF:lib\services\slide_frame_renderer.dart
DA:32,3
DA:35,4
DA:40,0
DA:46,0
DA:47,9
DA:48,0
DA:50,9
DA:52,9
DA:58,3
DA:64,6
DA:65,3
DA:67,6
DA:68,3
DA:70,2
DA:72,6
DA:75,3
DA:76,3
DA:78,3
DA:79,3
DA:86,3
DA:87,9
DA:89,6
DA:91,2
DA:94,1
DA:95,1
DA:96,1
DA:97,3
DA:100,6
DA:105,3
DA:107,6
DA:108,6
DA:109,6
DA:110,6
DA:111,3
DA:113,3
DA:114,6
DA:116,3
DA:117,3
DA:123,9
DA:124,1
DA:125,0
DA:126,0
DA:127,0
DA:128,0
DA:129,0
DA:130,0
DA:132,0
DA:133,0
DA:135,1
DA:136,0
DA:137,0
DA:138,1
DA:139,2
DA:140,1
DA:142,2
DA:143,2
DA:144,1
DA:145,5
DA:146,2
DA:148,1
DA:150,1
DA:152,1
DA:156,3
DA:157,0
DA:158,0
DA:159,0
DA:163,0
DA:164,0
DA:171,0
DA:173,0
DA:175,0
DA:176,0
DA:177,0
DA:179,0
DA:182,3
DA:184,6
DA:185,12
DA:190,3
DA:200,3
DA:205,12
DA:206,18
DA:208,6
DA:209,6
DA:210,6
DA:211,3
DA:212,0
DA:213,0
DA:219,3
DA:220,6
DA:221,3
DA:223,6
DA:225,0
DA:227,3
DA:230,3
DA:232,3
DA:235,0
DA:237,0
DA:238,0
DA:239,0
DA:240,0
DA:241,0
DA:242,0
DA:243,0
DA:244,0
DA:245,0
DA:246,0
DA:247,0
DA:248,0
DA:249,0
DA:250,0
DA:251,0
DA:252,0
DA:253,0
DA:254,0
DA:255,0
DA:256,0
DA:257,0
DA:258,0
DA:259,0
DA:260,0
DA:261,0
DA:262,0
DA:266,0
DA:269,0
DA:271,0
DA:272,0
DA:273,0
DA:274,0
DA:275,0
DA:278,0
DA:279,0
DA:284,0
DA:286,0
DA:287,0
DA:288,0
DA:289,0
DA:290,0
DA:296,3
DA:298,3
DA:299,3
DA:302,1
DA:303,1
DA:305,3
DA:306,1
DA:307,0
DA:308,0
DA:310,1
DA:311,1
DA:312,5
DA:313,2
DA:314,1
DA:318,1
DA:319,1
DA:321,1
DA:322,0
DA:323,0
DA:324,0
DA:326,1
DA:327,1
DA:328,1
DA:329,0
DA:330,0
DA:331,0
DA:336,1
DA:337,4
DA:338,4
DA:339,5
DA:340,5
DA:341,6
DA:342,2
DA:343,1
DA:344,1
DA:345,1
DA:346,2
DA:347,0
DA:350,1
DA:351,1
DA:352,1
DA:353,1
DA:354,1
DA:355,1
DA:356,2
DA:357,2
DA:358,1
DA:359,2
DA:367,1
DA:370,2
DA:371,2
DA:372,2
DA:373,3
DA:374,3
DA:375,3
DA:376,3
DA:377,3
DA:381,0
DA:382,0
DA:383,0
DA:384,0
DA:385,0
DA:386,0
DA:388,1
DA:389,5
LF:202
LH:118
end_of_record
SF:lib\services\stock_media_variants.dart
DA:10,0
DA:12,0
DA:14,0
DA:16,0
DA:18,0
DA:20,0
DA:22,0
DA:25,0
DA:30,0
DA:31,0
DA:32,0
DA:38,0
DA:39,0
DA:44,0
DA:45,0
DA:57,0
DA:58,0
DA:67,0
DA:68,0
DA:74,0
DA:75,0
DA:83,0
DA:84,0
DA:90,0
DA:91,0
DA:98,0
DA:99,0
DA:110,0
DA:111,0
DA:118,0
DA:119,0
DA:126,0
DA:127,0
DA:138,0
DA:139,0
DA:140,0
DA:147,0
DA:148,0
DA:155,0
DA:156,0
DA:162,0
DA:163,0
DA:169,0
DA:170,0
DA:176,0
DA:177,0
DA:189,0
DA:190,0
DA:206,0
DA:207,0
DA:213,0
DA:214,0
DA:219,0
DA:220,0
DA:227,0
DA:228,0
DA:235,0
DA:236,0
DA:242,0
DA:243,0
DA:251,0
DA:252,0
DA:260,0
DA:261,0
DA:262,0
DA:272,0
DA:273,0
DA:280,0
DA:281,0
DA:292,0
DA:293,0
DA:299,0
DA:300,0
DA:312,0
DA:313,0
DA:321,0
DA:322,0
DA:334,0
DA:335,0
DA:341,0
DA:342,0
DA:348,0
DA:349,0
DA:355,0
DA:356,0
DA:362,0
DA:363,0
DA:372,0
DA:373,0
DA:374,0
DA:380,0
DA:381,0
DA:387,0
DA:388,0
DA:394,0
DA:395,0
DA:402,0
DA:403,0
DA:412,0
DA:413,0
DA:425,0
DA:426,0
DA:434,0
DA:435,0
DA:441,0
DA:442,0
DA:448,0
DA:449,0
DA:454,0
DA:455,0
DA:465,0
DA:466,0
DA:467,0
DA:473,0
DA:474,0
DA:480,0
DA:481,0
DA:486,0
DA:487,0
DA:493,0
DA:494,0
DA:499,0
DA:500,0
DA:503,0
DA:504,0
DA:514,0
DA:515,0
DA:521,0
DA:522,0
DA:527,0
DA:528,0
DA:535,0
DA:536,0
DA:546,0
DA:547,0
DA:555,0
DA:556,0
DA:562,0
DA:563,0
DA:569,0
DA:570,0
DA:578,0
DA:579,0
DA:584,0
DA:585,0
DA:591,0
DA:592,0
DA:602,0
DA:603,0
DA:604,0
DA:609,0
DA:610,0
DA:618,0
DA:619,0
DA:627,0
DA:628,0
DA:636,0
DA:637,0
DA:646,0
DA:647,0
DA:654,0
DA:655,0
DA:664,0
DA:665,0
DA:673,0
DA:674,0
DA:679,0
DA:680,0
DA:689,0
DA:690,0
DA:696,0
DA:697,0
DA:706,0
DA:707,0
DA:715,0
DA:716,0
DA:720,0
DA:721,0
LF:178
LH:0
end_of_record
SF:lib\services\version_history_service.dart
DA:13,0
DA:20,1
DA:26,1
DA:27,5
DA:28,1
DA:30,2
DA:31,0
DA:32,0
DA:33,0
DA:34,0
DA:43,1
DA:45,1
DA:46,2
LF:13
LH:8
end_of_record
SF:lib\services\auth_service.dart
DA:16,0
DA:24,2
DA:26,1
DA:27,2
DA:31,0
DA:34,1
DA:35,2
DA:36,2
DA:37,1
DA:38,1
DA:43,1
DA:44,1
DA:45,1
DA:46,2
DA:47,1
DA:48,4
DA:49,2
DA:53,1
DA:54,1
DA:55,1
DA:60,1
DA:61,1
DA:62,1
DA:63,1
LF:24
LH:22
end_of_record
SF:lib\services\ai_pipeline_service.dart
DA:11,0
DA:17,0
DA:27,2
DA:44,0
DA:48,2
DA:49,2
DA:50,2
DA:53,4
DA:54,6
DA:57,2
DA:58,4
DA:59,3
DA:64,2
DA:67,2
DA:68,6
DA:69,2
DA:73,2
DA:75,2
DA:80,2
DA:82,4
DA:83,2
DA:84,4
DA:85,4
DA:86,2
DA:91,8
DA:92,0
DA:94,0
DA:97,0
DA:98,0
DA:102,0
DA:104,0
DA:109,0
DA:111,0
DA:112,0
DA:113,0
DA:114,0
DA:119,4
DA:122,2
DA:123,2
DA:124,4
DA:125,4
DA:127,2
DA:134,1
DA:135,1
DA:137,1
DA:138,1
DA:142,1
DA:143,3
DA:144,1
DA:147,1
DA:148,1
DA:150,0
DA:156,1
DA:158,2
DA:159,1
DA:161,3
DA:162,1
DA:163,1
DA:169,1
DA:174,4
DA:175,3
DA:176,2
DA:177,2
DA:180,1
DA:184,1
DA:189,1
DA:190,1
DA:191,2
LF:68
LH:53
end_of_record
SF:lib\services\document_importer_service.dart
DA:10,1
DA:11,1
DA:12,1
DA:13,1
DA:14,1
DA:17,1
DA:18,1
DA:19,1
DA:21,1
DA:23,1
DA:24,2
DA:25,1
DA:26,1
DA:27,3
DA:29,2
DA:30,1
DA:31,2
DA:33,1
DA:36,4
DA:39,1
DA:42,1
DA:43,0
DA:48,0
DA:51,2
DA:53,1
DA:57,1
DA:60,2
DA:63,3
DA:64,2
DA:65,1
DA:66,4
DA:68,1
DA:71,1
DA:73,1
DA:75,0
DA:76,0
DA:78,0
DA:84,0
DA:88,0
DA:91,0
DA:92,0
DA:93,0
DA:94,0
DA:96,0
DA:97,0
DA:100,0
DA:101,0
DA:103,0
DA:104,0
DA:105,0
DA:106,0
DA:107,0
DA:109,0
DA:114,0
DA:115,0
DA:116,0
DA:118,0
DA:123,0
DA:125,0
DA:127,0
DA:128,0
DA:130,0
LF:62
LH:32
end_of_record
SF:lib\services\export_job.dart
DA:28,1
DA:83,3
DA:91,6
DA:92,4
DA:104,3
DA:107,9
DA:108,6
DA:109,4
DA:116,3
DA:117,6
DA:118,3
DA:119,1
DA:120,6
DA:124,3
DA:125,6
DA:126,1
DA:128,3
DA:129,1
DA:130,3
DA:134,6
DA:135,3
DA:136,3
DA:137,3
DA:138,3
DA:139,3
DA:140,6
DA:141,6
DA:142,6
DA:143,6
DA:144,6
DA:145,6
DA:146,6
DA:147,3
DA:151,6
DA:152,6
DA:154,3
DA:155,1
DA:156,1
DA:157,1
DA:158,1
DA:159,1
DA:160,2
DA:161,2
DA:162,2
DA:163,2
DA:164,2
DA:165,1
DA:168,2
DA:169,2
DA:170,2
DA:171,2
DA:173,0
DA:174,0
DA:175,0
DA:176,0
DA:177,0
DA:178,0
DA:179,0
DA:180,0
DA:181,0
DA:186,0
DA:187,3
DA:189,0
DA:190,0
DA:191,3
DA:192,6
DA:197,0
DA:205,0
DA:212,0
LF:69
LH:54
end_of_record
SF:lib\services\history_storage_service.dart
DA:20,0
DA:25,1
DA:26,4
DA:27,1
DA:28,2
DA:29,1
DA:32,1
DA:34,2
DA:35,1
DA:36,1
DA:38,1
DA:39,1
DA:40,1
DA:44,0
DA:45,0
DA:47,0
DA:48,0
DA:49,0
DA:59,1
DA:60,4
DA:61,4
DA:63,1
DA:64,3
DA:65,3
DA:66,3
DA:67,4
DA:69,1
DA:70,0
DA:72,1
DA:75,1
DA:76,2
DA:77,0
DA:78,0
DA:79,0
DA:83,4
DA:84,1
DA:85,1
DA:86,2
DA:87,2
DA:88,4
DA:89,3
DA:108,1
DA:114,0
DA:121,1
DA:122,5
DA:123,1
DA:124,2
DA:125,4
DA:128,1
DA:129,2
DA:130,1
DA:131,1
DA:134,1
DA:135,1
DA:137,1
DA:138,3
DA:139,1
DA:142,2
DA:144,1
DA:145,1
DA:146,1
DA:158,0
DA:160,0
DA:162,0
DA:163,0
DA:165,0
DA:168,0
DA:169,0
DA:170,0
DA:171,0
DA:172,0
DA:175,0
DA:176,0
DA:177,0
DA:178,0
DA:180,0
DA:181,0
DA:182,0
DA:183,0
DA:185,0
DA:189,0
DA:190,0
DA:191,0
DA:193,0
DA:194,0
DA:200,0
DA:201,0
DA:202,0
DA:204,0
DA:209,0
DA:210,0
DA:211,0
DA:212,0
DA:215,0
DA:216,0
DA:217,0
LF:96
LH:50
end_of_record
SF:lib\services\vba_service.dart
DA:11,0
DA:14,1
DA:15,2
DA:19,1
DA:20,1
DA:23,2
DA:34,1
DA:39,1
DA:41,2
DA:42,1
DA:43,1
DA:46,2
DA:52,1
DA:53,2
DA:55,1
DA:57,1
DA:58,1
DA:59,1
DA:60,1
DA:72,1
DA:76,1
DA:77,2
DA:78,2
DA:79,1
DA:81,1
DA:82,1
DA:83,1
DA:84,2
DA:86,1
DA:87,1
DA:88,1
DA:89,5
DA:90,2
DA:91,1
DA:92,1
DA:95,1
DA:96,1
DA:97,4
DA:98,1
DA:100,1
DA:101,2
DA:102,1
DA:103,1
DA:104,1
DA:105,0
DA:107,1
DA:108,3
LF:47
LH:45
end_of_record
SF:lib\services\presentation_recorder_service.dart
DA:20,1
DA:39,0
DA:48,2
DA:49,2
DA:50,2
DA:51,2
DA:52,0
DA:57,1
DA:58,1
DA:59,1
DA:60,1
DA:61,1
DA:62,1
DA:63,2
DA:64,2
DA:65,2
DA:66,3
DA:67,2
DA:68,2
DA:69,0
DA:70,0
DA:72,1
DA:74,1
DA:78,1
DA:79,1
DA:80,2
DA:81,1
DA:82,3
DA:83,1
DA:87,1
DA:88,2
DA:89,1
DA:90,2
DA:91,0
DA:93,1
DA:96,1
DA:97,2
DA:98,1
DA:99,2
DA:100,0
DA:102,1
DA:107,1
DA:108,1
DA:109,3
DA:111,1
DA:112,2
DA:113,1
DA:115,2
DA:116,0
DA:117,0
DA:118,0
DA:119,0
DA:120,0
DA:121,0
DA:122,0
DA:125,3
DA:127,1
DA:131,1
DA:132,1
DA:133,2
DA:134,1
DA:135,2
DA:136,1
DA:139,0
DA:141,0
DA:142,0
LF:66
LH:50
end_of_record
SF:lib\services\rehearse_service.dart
DA:8,1
DA:10,4
DA:12,2
DA:13,2
DA:14,2
DA:24,1
DA:30,1
DA:31,5
DA:33,2
DA:34,1
DA:35,2
DA:36,5
DA:39,2
DA:40,2
DA:42,3
DA:43,1
DA:44,4
DA:45,1
DA:58,0
DA:59,0
DA:61,1
DA:62,2
DA:63,2
DA:64,1
DA:65,2
DA:66,4
DA:71,1
DA:72,1
DA:73,3
DA:74,1
DA:75,1
DA:76,3
DA:78,4
DA:81,2
DA:82,2
DA:85,1
DA:86,1
DA:87,1
DA:88,2
DA:89,3
DA:90,3
DA:92,4
DA:95,2
DA:96,1
DA:99,1
DA:100,1
DA:101,1
DA:102,1
DA:103,1
DA:104,2
DA:109,1
DA:110,1
DA:111,3
DA:112,3
DA:113,3
DA:114,2
DA:115,0
DA:116,0
DA:119,2
DA:120,3
DA:122,1
DA:123,7
DA:125,1
DA:126,4
DA:127,1
DA:128,1
DA:129,1
DA:130,0
DA:132,2
DA:133,1
DA:134,7
DA:136,1
DA:139,1
DA:140,1
DA:141,1
DA:142,5
DA:145,1
DA:146,5
DA:148,1
DA:150,1
DA:151,1
DA:153,1
DA:154,1
DA:155,1
LF:84
LH:79
end_of_record
SF:lib\services\coach_service.dart
DA:8,1
DA:19,1
DA:27,0
DA:28,0
DA:29,0
DA:30,0
DA:31,0
DA:32,0
DA:33,0
DA:34,0
DA:37,0
DA:38,0
DA:39,0
DA:40,0
DA:41,0
DA:42,0
DA:43,0
DA:44,0
DA:45,0
DA:47,0
DA:58,0
DA:68,1
DA:70,1
DA:71,2
DA:72,2
DA:73,3
DA:74,1
DA:77,1
DA:78,1
DA:80,2
DA:81,3
DA:84,2
DA:85,1
DA:86,1
DA:92,1
DA:93,7
DA:96,1
DA:102,2
DA:103,1
DA:104,3
DA:106,1
DA:107,1
DA:108,1
DA:110,1
DA:111,1
DA:112,1
DA:114,1
DA:115,0
DA:118,1
DA:122,1
DA:123,2
DA:125,1
DA:127,1
DA:128,0
DA:133,3
DA:134,2
DA:135,2
DA:136,1
DA:138,1
DA:150,1
DA:155,1
DA:160,1
DA:162,1
DA:163,1
DA:164,1
DA:165,1
DA:166,3
DA:167,2
DA:168,2
DA:170,1
DA:171,1
DA:172,3
DA:173,2
DA:174,2
DA:175,2
DA:180,1
LF:76
LH:55
end_of_record
SF:lib\services\remote_control_service.dart
DA:13,1
DA:15,0
DA:16,0
DA:17,0
DA:18,0
DA:21,1
DA:23,1
DA:24,1
DA:25,1
DA:26,2
DA:27,2
DA:28,1
DA:43,1
DA:50,2
DA:51,1
DA:52,1
DA:53,1
DA:54,1
DA:57,3
DA:84,0
DA:85,0
DA:86,2
DA:87,0
DA:89,0
DA:92,1
DA:93,4
DA:94,5
DA:99,1
DA:104,1
DA:105,2
DA:106,1
DA:107,1
DA:109,1
DA:110,1
DA:111,4
DA:112,3
DA:113,0
DA:115,4
DA:117,0
DA:118,0
DA:119,0
DA:125,1
DA:127,1
DA:129,2
DA:130,2
DA:131,2
DA:138,1
DA:139,3
DA:140,1
DA:141,3
DA:142,3
DA:144,3
DA:145,1
DA:148,2
DA:149,2
DA:150,5
DA:151,1
DA:152,0
DA:153,2
DA:154,0
DA:156,1
DA:158,0
DA:159,0
DA:160,0
DA:161,0
DA:167,0
DA:168,0
DA:169,0
DA:170,0
DA:173,0
DA:174,0
DA:178,1
DA:179,2
DA:180,2
DA:181,1
DA:185,0
DA:186,0
DA:187,0
DA:188,0
DA:190,0
DA:195,1
DA:196,1
DA:197,2
DA:199,0
DA:202,2
DA:203,2
DA:204,2
DA:205,1
DA:208,0
DA:209,0
LF:90
LH:58
end_of_record
SF:lib\models\deck_section.dart
DA:11,1
DA:22,2
DA:23,4
DA:24,2
DA:27,2
DA:28,2
DA:29,2
DA:32,3
DA:34,1
DA:36,1
DA:37,1
DA:38,1
DA:46,0
DA:49,1
DA:50,5
DA:52,1
DA:54,1
DA:55,1
DA:57,3
DA:58,1
DA:59,0
DA:60,1
DA:61,1
LF:23
LH:21
end_of_record
